ARM GAS  /tmp/cc2hSk1Z.s 			page 1


   1              		.cpu cortex-m4
   2              		.eabi_attribute 27, 1
   3              		.eabi_attribute 28, 1
   4              		.eabi_attribute 20, 1
   5              		.eabi_attribute 21, 1
   6              		.eabi_attribute 23, 3
   7              		.eabi_attribute 24, 1
   8              		.eabi_attribute 25, 1
   9              		.eabi_attribute 26, 1
  10              		.eabi_attribute 30, 1
  11              		.eabi_attribute 34, 1
  12              		.eabi_attribute 18, 4
  13              		.file	"main.c"
  14              		.text
  15              	.Ltext0:
  16              		.cfi_sections	.debug_frame
  17              		.section	.text.main,"ax",%progbits
  18              		.align	1
  19              		.global	main
  20              		.arch armv7e-m
  21              		.syntax unified
  22              		.thumb
  23              		.thumb_func
  24              		.fpu fpv4-sp-d16
  26              	main:
  27              	.LFB133:
  28              		.file 1 "Src/main.c"
   1:Src/main.c    **** /**
   2:Src/main.c    ****  ******************************************************************************
   3:Src/main.c    ****  * @file           : main.c
   4:Src/main.c    ****  * @brief          : Main program body
   5:Src/main.c    ****  ******************************************************************************
   6:Src/main.c    ****  * @attention
   7:Src/main.c    ****  *
   8:Src/main.c    ****  * <h2><center>&copy; Copyright (c) 2020 STMicroelectronics.
   9:Src/main.c    ****  * All rights reserved.</center></h2>
  10:Src/main.c    ****  *
  11:Src/main.c    ****  * This software component is licensed by ST under BSD 3-Clause license,
  12:Src/main.c    ****  * the "License"; You may not use this file except in compliance with the
  13:Src/main.c    ****  * License. You may obtain a copy of the License at:
  14:Src/main.c    ****  *                        opensource.org/licenses/BSD-3-Clause
  15:Src/main.c    ****  *
  16:Src/main.c    ****  ******************************************************************************
  17:Src/main.c    ****  */
  18:Src/main.c    **** 
  19:Src/main.c    **** /* Includes ------------------------------------------------------------------*/
  20:Src/main.c    **** #include "main.h"
  21:Src/main.c    **** 
  22:Src/main.c    **** uint8_t ABP_ACTIVATE_PAYLOAD[] = {
  23:Src/main.c    ****         /* Device address (LSB): E01BD038 */
  24:Src/main.c    ****         0x38U, 0xD0U, 0x1BU, 0xE0U,
  25:Src/main.c    ****         /* Network key (MSB): 00112233445566778899AABBCCDDEEFF */
  26:Src/main.c    ****         0x00U, 0x11U, 0x22U, 0x33U, 0x44U, 0x55U, 0x66U, 0x77U,
  27:Src/main.c    ****         0x88U, 0x99U, 0xAAU, 0xBBU, 0xCCU, 0xDDU, 0xEEU, 0xFFU,
  28:Src/main.c    ****         /* App key (MSB) : FFEEDDCCBBAA99887766554433221100 */
  29:Src/main.c    ****         0xFFU, 0xEEU, 0xDDU, 0xCCU, 0xBBU, 0xAAU, 0x99U, 0x88U,
  30:Src/main.c    ****         0x77U, 0x66U, 0x55U, 0x44U, 0x33U, 0x22U, 0x11U, 0x00U
ARM GAS  /tmp/cc2hSk1Z.s 			page 2


  31:Src/main.c    **** };
  32:Src/main.c    **** 
  33:Src/main.c    **** uint8_t OTA_ACTIVATE_PAYLOAD[] = {
  34:Src/main.c    ****         /* App EUI (MSB): AABBCCDDEEFF1122 */
  35:Src/main.c    ****         0xAAU, 0xBBU, 0xCCU, 0xDDU, 0xEEU, 0xFFU, 0x11U, 0x22U,
  36:Src/main.c    ****         /* App key (MSB) */
  37:Src/main.c    ****         0xFFU, 0xEEU, 0xDDU, 0xCCU, 0xBBU, 0xAAU, 0x99U, 0x88U,
  38:Src/main.c    ****         0x77U, 0x66U, 0x55U, 0x44U, 0x33U, 0x22U, 0x11U, 0x00U
  39:Src/main.c    **** }; 
  40:Src/main.c    **** 
  41:Src/main.c    **** /**
  42:Src/main.c    ****  * @brief  The application entry point.
  43:Src/main.c    ****  * @retval int
  44:Src/main.c    ****  */
  45:Src/main.c    **** int main(void)
  46:Src/main.c    **** {
  29              		.loc 1 46 1 view -0
  30              		.cfi_startproc
  31              		@ Volatile: function does not return.
  32              		@ args = 0, pretend = 0, frame = 0
  33              		@ frame_needed = 0, uses_anonymous_args = 0
  34 0000 08B5     		push	{r3, lr}
  35              	.LCFI0:
  36              		.cfi_def_cfa_offset 8
  37              		.cfi_offset 3, -8
  38              		.cfi_offset 14, -4
  47:Src/main.c    ****     /* STM32F4 Board Configuration -----------------------------------------------*/
  48:Src/main.c    ****     STM32F4xx_Device_Init();
  39              		.loc 1 48 5 view .LVU1
  40 0002 FFF7FEFF 		bl	STM32F4xx_Device_Init
  41              	.LVL0:
  42              	.L2:
  49:Src/main.c    ****     
  50:Src/main.c    ****     /* Infinite loop */
  51:Src/main.c    ****     while (1U)
  43              		.loc 1 51 5 discriminator 1 view .LVU2
  52:Src/main.c    ****     {
  53:Src/main.c    ****         /* Handle receiver process */
  54:Src/main.c    ****         WiMOD_LoRaWAN_Process();
  44              		.loc 1 54 9 discriminator 1 view .LVU3
  45 0006 FFF7FEFF 		bl	WiMOD_LoRaWAN_Process
  46              	.LVL1:
  55:Src/main.c    **** 
  56:Src/main.c    ****         /* Serial Device read command */
  57:Src/main.c    ****         SerialDevice_CheckAppCmd();
  47              		.loc 1 57 9 discriminator 1 view .LVU4
  48 000a FFF7FEFF 		bl	SerialDevice_CheckAppCmd
  49              	.LVL2:
  51:Src/main.c    ****     {
  50              		.loc 1 51 11 discriminator 1 view .LVU5
  51 000e FAE7     		b	.L2
  52              		.cfi_endproc
  53              	.LFE133:
  55              		.global	OTA_ACTIVATE_PAYLOAD
  56              		.global	ABP_ACTIVATE_PAYLOAD
  57              		.comm	huart3,64,4
  58              		.comm	huart2,64,4
ARM GAS  /tmp/cc2hSk1Z.s 			page 3


  59              		.section	.data.ABP_ACTIVATE_PAYLOAD,"aw"
  60              		.align	2
  63              	ABP_ACTIVATE_PAYLOAD:
  64 0000 38D01BE0 		.ascii	"8\320\033\340\000\021\"3DUfw\210\231\252\273\314\335"
  64      00112233 
  64      44556677 
  64      8899AABB 
  64      CCDD
  65 0012 EEFFFFEE 		.ascii	"\356\377\377\356\335\314\273\252\231\210wfUD3\"\021"
  65      DDCCBBAA 
  65      99887766 
  65      55443322 
  65      11
  66 0023 00       		.ascii	"\000"
  67              		.section	.data.OTA_ACTIVATE_PAYLOAD,"aw"
  68              		.align	2
  71              	OTA_ACTIVATE_PAYLOAD:
  72 0000 AABBCCDD 		.ascii	"\252\273\314\335\356\377\021\"\377\356\335\314\273\252"
  72      EEFF1122 
  72      FFEEDDCC 
  72      BBAA
  73 000e 99887766 		.ascii	"\231\210wfUD3\"\021\000"
  73      55443322 
  73      1100
  74              		.text
  75              	.Letext0:
  76              		.file 2 "/usr/include/newlib/machine/_default_types.h"
  77              		.file 3 "/usr/lib/gcc/arm-none-eabi/9.2.1/include/stddef.h"
  78              		.file 4 "/usr/include/newlib/sys/_types.h"
  79              		.file 5 "/usr/include/newlib/sys/reent.h"
  80              		.file 6 "/usr/include/newlib/sys/lock.h"
  81              		.file 7 "/usr/include/newlib/sys/_stdint.h"
  82              		.file 8 "/usr/include/newlib/ctype.h"
  83              		.file 9 "Drivers/CMSIS/Include/core_cm4.h"
  84              		.file 10 "Drivers/CMSIS/Device/ST/STM32F4xx/Include/system_stm32f4xx.h"
  85              		.file 11 "Drivers/CMSIS/Device/ST/STM32F4xx/Include/stm32f407xx.h"
  86              		.file 12 "Drivers/STM32F4xx_HAL_Driver/Inc/stm32f4xx_hal_def.h"
  87              		.file 13 "Drivers/STM32F4xx_HAL_Driver/Inc/stm32f4xx_hal_dma.h"
  88              		.file 14 "Drivers/STM32F4xx_HAL_Driver/Inc/stm32f4xx_hal_uart.h"
  89              		.file 15 "Drivers/STM32F4xx_HAL_Driver/Inc/stm32f4xx_hal.h"
  90              		.file 16 "Inc/STM32F4xx_Inc/stm32f4xx_board_conf.h"
  91              		.file 17 "Inc/Wimod_Inc/serial_device.h"
  92              		.file 18 "Inc/Wimod_Inc/wimod_lorawan_api.h"
ARM GAS  /tmp/cc2hSk1Z.s 			page 4


DEFINED SYMBOLS
                            *ABS*:0000000000000000 main.c
     /tmp/cc2hSk1Z.s:18     .text.main:0000000000000000 $t
     /tmp/cc2hSk1Z.s:26     .text.main:0000000000000000 main
     /tmp/cc2hSk1Z.s:71     .data.OTA_ACTIVATE_PAYLOAD:0000000000000000 OTA_ACTIVATE_PAYLOAD
     /tmp/cc2hSk1Z.s:63     .data.ABP_ACTIVATE_PAYLOAD:0000000000000000 ABP_ACTIVATE_PAYLOAD
                            *COM*:0000000000000040 huart3
                            *COM*:0000000000000040 huart2
     /tmp/cc2hSk1Z.s:60     .data.ABP_ACTIVATE_PAYLOAD:0000000000000000 $d
     /tmp/cc2hSk1Z.s:68     .data.OTA_ACTIVATE_PAYLOAD:0000000000000000 $d

UNDEFINED SYMBOLS
STM32F4xx_Device_Init
WiMOD_LoRaWAN_Process
SerialDevice_CheckAppCmd
