ARM GAS  /tmp/cczrGw2n.s 			page 1


   1              		.cpu cortex-m4
   2              		.eabi_attribute 27, 1
   3              		.eabi_attribute 28, 1
   4              		.eabi_attribute 20, 1
   5              		.eabi_attribute 21, 1
   6              		.eabi_attribute 23, 3
   7              		.eabi_attribute 24, 1
   8              		.eabi_attribute 25, 1
   9              		.eabi_attribute 26, 1
  10              		.eabi_attribute 30, 1
  11              		.eabi_attribute 34, 1
  12              		.eabi_attribute 18, 4
  13              		.file	"slip.c"
  14              		.text
  15              	.Ltext0:
  16              		.cfi_sections	.debug_frame
  17              		.section	.text.SLIP_StoreTxByte,"ax",%progbits
  18              		.align	1
  19              		.arch armv7e-m
  20              		.syntax unified
  21              		.thumb
  22              		.thumb_func
  23              		.fpu fpv4-sp-d16
  25              	SLIP_StoreTxByte:
  26              	.LVL0:
  27              	.LFB1:
  28              		.file 1 "Src/Wimod/slip.c"
   1:Src/Wimod/slip.c **** /**
   2:Src/Wimod/slip.c ****  ******************************************************************************
   3:Src/Wimod/slip.c ****  * @file           : slip.c
   4:Src/Wimod/slip.c ****  * @abstract       : Slip encode/decoder
   5:Src/Wimod/slip.c ****  * @disclaimer     : This example code is provided by IMST GmbH on an "ASIS"
   6:Src/Wimod/slip.c ****  *                   basis without any warranties.
   7:Src/Wimod/slip.c ****  * @maintain by    : Anol Paisal <anol.paisal@emone.co.th> @ 2018
   8:Src/Wimod/slip.c ****  * @version        : 0.2
   9:Src/Wimod/slip.c ****  * @date           : 18.05.2016
  10:Src/Wimod/slip.c ****  ******************************************************************************
  11:Src/Wimod/slip.c ****  * @attention
  12:Src/Wimod/slip.c ****  *
  13:Src/Wimod/slip.c ****  ******************************************************************************
  14:Src/Wimod/slip.c ****  */
  15:Src/Wimod/slip.c **** 
  16:Src/Wimod/slip.c **** /* Includes ------------------------------------------------------------------*/
  17:Src/Wimod/slip.c **** #include "slip.h"
  18:Src/Wimod/slip.c **** 
  19:Src/Wimod/slip.c **** /* SLIP Instance */
  20:Src/Wimod/slip.c **** static TSLIP SLIP;
  21:Src/Wimod/slip.c **** 
  22:Src/Wimod/slip.c **** /* Function prototypes -------------------------------------------------------*/
  23:Src/Wimod/slip.c **** static void SLIP_StoreTxByte(uint8_t txByte);
  24:Src/Wimod/slip.c **** static void SLIP_StoreRxByte(uint8_t rxByte);
  25:Src/Wimod/slip.c **** 
  26:Src/Wimod/slip.c **** /**
  27:Src/Wimod/slip.c ****  * @brief  Init SLIP decoder
  28:Src/Wimod/slip.c ****  * @param  
  29:Src/Wimod/slip.c ****  * @retval none
  30:Src/Wimod/slip.c ****  */
ARM GAS  /tmp/cczrGw2n.s 			page 2


  31:Src/Wimod/slip.c **** void SLIP_Init(TSLIP_CbRxMessage cbRxMessage)
  32:Src/Wimod/slip.c **** {
  33:Src/Wimod/slip.c ****     /* Init decoder to idle state, no rx-buffer avaliable */
  34:Src/Wimod/slip.c ****     SLIP.RxState      = SLIPDEC_IDLE_STATE;
  35:Src/Wimod/slip.c ****     SLIP.RxIndex      = 0U;
  36:Src/Wimod/slip.c ****     SLIP.RxBuffer     = 0U;
  37:Src/Wimod/slip.c ****     SLIP.RxBufferSize = 0U;
  38:Src/Wimod/slip.c **** 
  39:Src/Wimod/slip.c ****     /* Save message receiver callback */
  40:Src/Wimod/slip.c ****     SLIP.CbRxMessage = cbRxMessage;
  41:Src/Wimod/slip.c **** 
  42:Src/Wimod/slip.c ****     /* Init encoder */
  43:Src/Wimod/slip.c ****     SLIP.TxIndex      = 0U;
  44:Src/Wimod/slip.c ****     SLIP.TxBuffer     = 0U;
  45:Src/Wimod/slip.c ****     SLIP.TxBufferSize = 0U;
  46:Src/Wimod/slip.c **** }
  47:Src/Wimod/slip.c **** 
  48:Src/Wimod/slip.c **** /**
  49:Src/Wimod/slip.c ****  * @brief  Store a byte into TxBuffer
  50:Src/Wimod/slip.c ****  * @param  
  51:Src/Wimod/slip.c ****  * @retval none
  52:Src/Wimod/slip.c ****  */
  53:Src/Wimod/slip.c **** static void SLIP_StoreTxByte(uint8_t txByte)
  54:Src/Wimod/slip.c **** {
  29              		.loc 1 54 1 view -0
  30              		.cfi_startproc
  31              		@ args = 0, pretend = 0, frame = 0
  32              		@ frame_needed = 0, uses_anonymous_args = 0
  33              		@ link register save eliminated.
  55:Src/Wimod/slip.c ****     if (SLIP.TxIndex < SLIP.TxBufferSize)
  34              		.loc 1 55 5 view .LVU1
  35              		.loc 1 55 13 is_stmt 0 view .LVU2
  36 0000 074A     		ldr	r2, .L7
  37 0002 5369     		ldr	r3, [r2, #20]
  38              		.loc 1 55 28 view .LVU3
  39 0004 9269     		ldr	r2, [r2, #24]
  40              		.loc 1 55 8 view .LVU4
  41 0006 9342     		cmp	r3, r2
  42 0008 08DA     		bge	.L4
  54:Src/Wimod/slip.c ****     if (SLIP.TxIndex < SLIP.TxBufferSize)
  43              		.loc 1 54 1 view .LVU5
  44 000a 10B4     		push	{r4}
  45              	.LCFI0:
  46              		.cfi_def_cfa_offset 4
  47              		.cfi_offset 4, -4
  56:Src/Wimod/slip.c ****     {
  57:Src/Wimod/slip.c ****         SLIP.TxBuffer[SLIP.TxIndex++] = txByte;
  48              		.loc 1 57 9 is_stmt 1 view .LVU6
  49              		.loc 1 57 13 is_stmt 0 view .LVU7
  50 000c 044A     		ldr	r2, .L7
  51 000e D169     		ldr	r1, [r2, #28]
  52              		.loc 1 57 35 view .LVU8
  53 0010 5C1C     		adds	r4, r3, #1
  54 0012 5461     		str	r4, [r2, #20]
  55              		.loc 1 57 39 view .LVU9
  56 0014 C854     		strb	r0, [r1, r3]
  58:Src/Wimod/slip.c ****     }
ARM GAS  /tmp/cczrGw2n.s 			page 3


  59:Src/Wimod/slip.c **** }
  57              		.loc 1 59 1 view .LVU10
  58 0016 5DF8044B 		ldr	r4, [sp], #4
  59              	.LCFI1:
  60              		.cfi_restore 4
  61              		.cfi_def_cfa_offset 0
  62 001a 7047     		bx	lr
  63              	.L4:
  64              		.loc 1 59 1 view .LVU11
  65 001c 7047     		bx	lr
  66              	.L8:
  67 001e 00BF     		.align	2
  68              	.L7:
  69 0020 00000000 		.word	.LANCHOR0
  70              		.cfi_endproc
  71              	.LFE1:
  73              		.section	.text.SLIP_StoreRxByte,"ax",%progbits
  74              		.align	1
  75              		.syntax unified
  76              		.thumb
  77              		.thumb_func
  78              		.fpu fpv4-sp-d16
  80              	SLIP_StoreRxByte:
  81              	.LVL1:
  82              	.LFB4:
  60:Src/Wimod/slip.c **** 
  61:Src/Wimod/slip.c **** /**
  62:Src/Wimod/slip.c ****  * @brief  Encode a messages into dstBuffer
  63:Src/Wimod/slip.c ****  * @param  
  64:Src/Wimod/slip.c ****  * @retval int32_t
  65:Src/Wimod/slip.c ****  */
  66:Src/Wimod/slip.c **** int32_t SLIP_EncodeData(uint8_t *dstBuffer, int32_t dstBufferSize, uint8_t *srcData, int32_t srcLen
  67:Src/Wimod/slip.c **** {
  68:Src/Wimod/slip.c ****     /* Init TxBuffer */
  69:Src/Wimod/slip.c ****     SLIP.TxBuffer = dstBuffer;
  70:Src/Wimod/slip.c **** 
  71:Src/Wimod/slip.c ****     /* Init TxIndex */
  72:Src/Wimod/slip.c ****     SLIP.TxIndex = 0U;
  73:Src/Wimod/slip.c **** 
  74:Src/Wimod/slip.c ****     /* Init size */
  75:Src/Wimod/slip.c ****     SLIP.TxBufferSize = dstBufferSize;
  76:Src/Wimod/slip.c **** 
  77:Src/Wimod/slip.c ****     /* Send start of SLIP message */
  78:Src/Wimod/slip.c ****     SLIP_StoreTxByte(SLIP_END);
  79:Src/Wimod/slip.c **** 
  80:Src/Wimod/slip.c ****     /* Iterate over all message bytes */
  81:Src/Wimod/slip.c ****     while (srcLength--)
  82:Src/Wimod/slip.c ****     {
  83:Src/Wimod/slip.c ****         switch (*srcData)
  84:Src/Wimod/slip.c ****         {
  85:Src/Wimod/slip.c ****             case SLIP_END:
  86:Src/Wimod/slip.c ****                 SLIP_StoreTxByte(SLIP_ESC);
  87:Src/Wimod/slip.c ****                 SLIP_StoreTxByte(SLIP_ESC_END);
  88:Src/Wimod/slip.c ****                 break;
  89:Src/Wimod/slip.c **** 
  90:Src/Wimod/slip.c ****             case SLIP_ESC:
  91:Src/Wimod/slip.c ****                 SLIP_StoreTxByte(SLIP_ESC);
ARM GAS  /tmp/cczrGw2n.s 			page 4


  92:Src/Wimod/slip.c ****                 SLIP_StoreTxByte(SLIP_ESC_ESC);
  93:Src/Wimod/slip.c ****                 break;
  94:Src/Wimod/slip.c **** 
  95:Src/Wimod/slip.c ****             default:
  96:Src/Wimod/slip.c ****                 SLIP_StoreTxByte(*srcData);
  97:Src/Wimod/slip.c ****                 break;
  98:Src/Wimod/slip.c ****         }
  99:Src/Wimod/slip.c **** 
 100:Src/Wimod/slip.c ****         /* Next byte */
 101:Src/Wimod/slip.c ****         srcData++;
 102:Src/Wimod/slip.c ****     }
 103:Src/Wimod/slip.c **** 
 104:Src/Wimod/slip.c ****     /* Send end of SLIP message */
 105:Src/Wimod/slip.c ****     SLIP_StoreTxByte(SLIP_END);
 106:Src/Wimod/slip.c **** 
 107:Src/Wimod/slip.c ****     /* Length ok ? */
 108:Src/Wimod/slip.c ****     if (SLIP.TxIndex <= SLIP.TxBufferSize)
 109:Src/Wimod/slip.c ****     {
 110:Src/Wimod/slip.c ****         return SLIP.TxIndex;
 111:Src/Wimod/slip.c ****     }
 112:Src/Wimod/slip.c **** 
 113:Src/Wimod/slip.c ****     /* Return tx length error */
 114:Src/Wimod/slip.c ****     return SLIP_LENGTH_ERROR;
 115:Src/Wimod/slip.c **** }
 116:Src/Wimod/slip.c **** 
 117:Src/Wimod/slip.c **** /**
 118:Src/Wimod/slip.c ****  * @brief  Configure a rx-buffer and enable receiver/decoder
 119:Src/Wimod/slip.c ****  * @param  
 120:Src/Wimod/slip.c ****  * @retval uint8_t
 121:Src/Wimod/slip.c ****  */
 122:Src/Wimod/slip.c **** uint8_t SLIP_SetRxBuffer(uint8_t *rxBuffer, int32_t rxBufferSize)
 123:Src/Wimod/slip.c **** {
 124:Src/Wimod/slip.c ****     /* Receiver in IDLE state and client already registered ? */
 125:Src/Wimod/slip.c ****     if ((SLIP.RxState == SLIPDEC_IDLE_STATE) && SLIP.CbRxMessage)
 126:Src/Wimod/slip.c ****     {
 127:Src/Wimod/slip.c ****         /* Same buffer params */
 128:Src/Wimod/slip.c ****         SLIP.RxBuffer = rxBuffer;
 129:Src/Wimod/slip.c ****         SLIP.RxBufferSize = rxBufferSize;
 130:Src/Wimod/slip.c **** 
 131:Src/Wimod/slip.c ****         /* Enable decoder */
 132:Src/Wimod/slip.c ****         SLIP.RxState = SLIPDEC_START_STATE;
 133:Src/Wimod/slip.c **** 
 134:Src/Wimod/slip.c ****         return SLIP_SUCCESS;
 135:Src/Wimod/slip.c ****     }
 136:Src/Wimod/slip.c **** 
 137:Src/Wimod/slip.c ****     return SLIP_SUCCESS;
 138:Src/Wimod/slip.c **** }
 139:Src/Wimod/slip.c **** 
 140:Src/Wimod/slip.c **** /**
 141:Src/Wimod/slip.c ****  * @brief  Store SLIP decoded rxByte
 142:Src/Wimod/slip.c ****  * @param  
 143:Src/Wimod/slip.c ****  * @retval none
 144:Src/Wimod/slip.c ****  */
 145:Src/Wimod/slip.c **** static void SLIP_StoreRxByte(uint8_t rxByte)
 146:Src/Wimod/slip.c **** {
  83              		.loc 1 146 1 is_stmt 1 view -0
  84              		.cfi_startproc
ARM GAS  /tmp/cczrGw2n.s 			page 5


  85              		@ args = 0, pretend = 0, frame = 0
  86              		@ frame_needed = 0, uses_anonymous_args = 0
  87              		@ link register save eliminated.
 147:Src/Wimod/slip.c ****     if (SLIP.RxIndex < SLIP.RxBufferSize)
  88              		.loc 1 147 5 view .LVU13
  89              		.loc 1 147 13 is_stmt 0 view .LVU14
  90 0000 074A     		ldr	r2, .L15
  91 0002 5368     		ldr	r3, [r2, #4]
  92              		.loc 1 147 28 view .LVU15
  93 0004 9268     		ldr	r2, [r2, #8]
  94              		.loc 1 147 8 view .LVU16
  95 0006 9342     		cmp	r3, r2
  96 0008 08DA     		bge	.L12
 146:Src/Wimod/slip.c ****     if (SLIP.RxIndex < SLIP.RxBufferSize)
  97              		.loc 1 146 1 view .LVU17
  98 000a 10B4     		push	{r4}
  99              	.LCFI2:
 100              		.cfi_def_cfa_offset 4
 101              		.cfi_offset 4, -4
 148:Src/Wimod/slip.c ****     {
 149:Src/Wimod/slip.c ****         SLIP.RxBuffer[SLIP.RxIndex++] = rxByte;
 102              		.loc 1 149 9 is_stmt 1 view .LVU18
 103              		.loc 1 149 13 is_stmt 0 view .LVU19
 104 000c 044A     		ldr	r2, .L15
 105 000e D168     		ldr	r1, [r2, #12]
 106              		.loc 1 149 35 view .LVU20
 107 0010 5C1C     		adds	r4, r3, #1
 108 0012 5460     		str	r4, [r2, #4]
 109              		.loc 1 149 39 view .LVU21
 110 0014 C854     		strb	r0, [r1, r3]
 150:Src/Wimod/slip.c ****     }
 151:Src/Wimod/slip.c **** }
 111              		.loc 1 151 1 view .LVU22
 112 0016 5DF8044B 		ldr	r4, [sp], #4
 113              	.LCFI3:
 114              		.cfi_restore 4
 115              		.cfi_def_cfa_offset 0
 116 001a 7047     		bx	lr
 117              	.L12:
 118              		.loc 1 151 1 view .LVU23
 119 001c 7047     		bx	lr
 120              	.L16:
 121 001e 00BF     		.align	2
 122              	.L15:
 123 0020 00000000 		.word	.LANCHOR0
 124              		.cfi_endproc
 125              	.LFE4:
 127              		.section	.text.SLIP_Init,"ax",%progbits
 128              		.align	1
 129              		.global	SLIP_Init
 130              		.syntax unified
 131              		.thumb
 132              		.thumb_func
 133              		.fpu fpv4-sp-d16
 135              	SLIP_Init:
 136              	.LVL2:
 137              	.LFB0:
ARM GAS  /tmp/cczrGw2n.s 			page 6


  32:Src/Wimod/slip.c ****     /* Init decoder to idle state, no rx-buffer avaliable */
 138              		.loc 1 32 1 is_stmt 1 view -0
 139              		.cfi_startproc
 140              		@ args = 0, pretend = 0, frame = 0
 141              		@ frame_needed = 0, uses_anonymous_args = 0
 142              		@ link register save eliminated.
  34:Src/Wimod/slip.c ****     SLIP.RxIndex      = 0U;
 143              		.loc 1 34 5 view .LVU25
  34:Src/Wimod/slip.c ****     SLIP.RxIndex      = 0U;
 144              		.loc 1 34 23 is_stmt 0 view .LVU26
 145 0000 054B     		ldr	r3, .L18
 146 0002 0022     		movs	r2, #0
 147 0004 1A60     		str	r2, [r3]
  35:Src/Wimod/slip.c ****     SLIP.RxBuffer     = 0U;
 148              		.loc 1 35 5 is_stmt 1 view .LVU27
  35:Src/Wimod/slip.c ****     SLIP.RxBuffer     = 0U;
 149              		.loc 1 35 23 is_stmt 0 view .LVU28
 150 0006 5A60     		str	r2, [r3, #4]
  36:Src/Wimod/slip.c ****     SLIP.RxBufferSize = 0U;
 151              		.loc 1 36 5 is_stmt 1 view .LVU29
  36:Src/Wimod/slip.c ****     SLIP.RxBufferSize = 0U;
 152              		.loc 1 36 23 is_stmt 0 view .LVU30
 153 0008 DA60     		str	r2, [r3, #12]
  37:Src/Wimod/slip.c **** 
 154              		.loc 1 37 5 is_stmt 1 view .LVU31
  37:Src/Wimod/slip.c **** 
 155              		.loc 1 37 23 is_stmt 0 view .LVU32
 156 000a 9A60     		str	r2, [r3, #8]
  40:Src/Wimod/slip.c **** 
 157              		.loc 1 40 5 is_stmt 1 view .LVU33
  40:Src/Wimod/slip.c **** 
 158              		.loc 1 40 22 is_stmt 0 view .LVU34
 159 000c 1861     		str	r0, [r3, #16]
  43:Src/Wimod/slip.c ****     SLIP.TxBuffer     = 0U;
 160              		.loc 1 43 5 is_stmt 1 view .LVU35
  43:Src/Wimod/slip.c ****     SLIP.TxBuffer     = 0U;
 161              		.loc 1 43 23 is_stmt 0 view .LVU36
 162 000e 5A61     		str	r2, [r3, #20]
  44:Src/Wimod/slip.c ****     SLIP.TxBufferSize = 0U;
 163              		.loc 1 44 5 is_stmt 1 view .LVU37
  44:Src/Wimod/slip.c ****     SLIP.TxBufferSize = 0U;
 164              		.loc 1 44 23 is_stmt 0 view .LVU38
 165 0010 DA61     		str	r2, [r3, #28]
  45:Src/Wimod/slip.c **** }
 166              		.loc 1 45 5 is_stmt 1 view .LVU39
  45:Src/Wimod/slip.c **** }
 167              		.loc 1 45 23 is_stmt 0 view .LVU40
 168 0012 9A61     		str	r2, [r3, #24]
  46:Src/Wimod/slip.c **** 
 169              		.loc 1 46 1 view .LVU41
 170 0014 7047     		bx	lr
 171              	.L19:
 172 0016 00BF     		.align	2
 173              	.L18:
 174 0018 00000000 		.word	.LANCHOR0
 175              		.cfi_endproc
 176              	.LFE0:
ARM GAS  /tmp/cczrGw2n.s 			page 7


 178              		.section	.text.SLIP_EncodeData,"ax",%progbits
 179              		.align	1
 180              		.global	SLIP_EncodeData
 181              		.syntax unified
 182              		.thumb
 183              		.thumb_func
 184              		.fpu fpv4-sp-d16
 186              	SLIP_EncodeData:
 187              	.LVL3:
 188              	.LFB2:
  67:Src/Wimod/slip.c ****     /* Init TxBuffer */
 189              		.loc 1 67 1 is_stmt 1 view -0
 190              		.cfi_startproc
 191              		@ args = 0, pretend = 0, frame = 0
 192              		@ frame_needed = 0, uses_anonymous_args = 0
  67:Src/Wimod/slip.c ****     /* Init TxBuffer */
 193              		.loc 1 67 1 is_stmt 0 view .LVU43
 194 0000 70B5     		push	{r4, r5, r6, lr}
 195              	.LCFI4:
 196              		.cfi_def_cfa_offset 16
 197              		.cfi_offset 4, -16
 198              		.cfi_offset 5, -12
 199              		.cfi_offset 6, -8
 200              		.cfi_offset 14, -4
 201 0002 1546     		mov	r5, r2
 202 0004 1C46     		mov	r4, r3
  69:Src/Wimod/slip.c **** 
 203              		.loc 1 69 5 is_stmt 1 view .LVU44
  69:Src/Wimod/slip.c **** 
 204              		.loc 1 69 19 is_stmt 0 view .LVU45
 205 0006 174B     		ldr	r3, .L32
 206              	.LVL4:
  69:Src/Wimod/slip.c **** 
 207              		.loc 1 69 19 view .LVU46
 208 0008 D861     		str	r0, [r3, #28]
  72:Src/Wimod/slip.c **** 
 209              		.loc 1 72 5 is_stmt 1 view .LVU47
  72:Src/Wimod/slip.c **** 
 210              		.loc 1 72 18 is_stmt 0 view .LVU48
 211 000a 0022     		movs	r2, #0
 212              	.LVL5:
  72:Src/Wimod/slip.c **** 
 213              		.loc 1 72 18 view .LVU49
 214 000c 5A61     		str	r2, [r3, #20]
  75:Src/Wimod/slip.c **** 
 215              		.loc 1 75 5 is_stmt 1 view .LVU50
  75:Src/Wimod/slip.c **** 
 216              		.loc 1 75 23 is_stmt 0 view .LVU51
 217 000e 9961     		str	r1, [r3, #24]
  78:Src/Wimod/slip.c **** 
 218              		.loc 1 78 5 is_stmt 1 view .LVU52
 219 0010 C020     		movs	r0, #192
 220              	.LVL6:
  78:Src/Wimod/slip.c **** 
 221              		.loc 1 78 5 is_stmt 0 view .LVU53
 222 0012 FFF7FEFF 		bl	SLIP_StoreTxByte
 223              	.LVL7:
ARM GAS  /tmp/cczrGw2n.s 			page 8


  81:Src/Wimod/slip.c ****     {
 224              		.loc 1 81 5 is_stmt 1 view .LVU54
  81:Src/Wimod/slip.c ****     {
 225              		.loc 1 81 11 is_stmt 0 view .LVU55
 226 0016 07E0     		b	.L21
 227              	.LVL8:
 228              	.L22:
  86:Src/Wimod/slip.c ****                 SLIP_StoreTxByte(SLIP_ESC_END);
 229              		.loc 1 86 17 is_stmt 1 view .LVU56
 230 0018 DB20     		movs	r0, #219
 231 001a FFF7FEFF 		bl	SLIP_StoreTxByte
 232              	.LVL9:
  87:Src/Wimod/slip.c ****                 break;
 233              		.loc 1 87 17 view .LVU57
 234 001e DC20     		movs	r0, #220
 235 0020 FFF7FEFF 		bl	SLIP_StoreTxByte
 236              	.LVL10:
  88:Src/Wimod/slip.c **** 
 237              		.loc 1 88 17 view .LVU58
 238              	.L25:
 101:Src/Wimod/slip.c ****     }
 239              		.loc 1 101 9 view .LVU59
 101:Src/Wimod/slip.c ****     }
 240              		.loc 1 101 16 is_stmt 0 view .LVU60
 241 0024 0135     		adds	r5, r5, #1
 242              	.LVL11:
  81:Src/Wimod/slip.c ****     {
 243              		.loc 1 81 21 view .LVU61
 244 0026 3446     		mov	r4, r6
 245              	.LVL12:
 246              	.L21:
  81:Src/Wimod/slip.c ****     {
 247              		.loc 1 81 11 is_stmt 1 view .LVU62
  81:Src/Wimod/slip.c ****     {
 248              		.loc 1 81 21 is_stmt 0 view .LVU63
 249 0028 661E     		subs	r6, r4, #1
 250              	.LVL13:
  81:Src/Wimod/slip.c ****     {
 251              		.loc 1 81 11 view .LVU64
 252 002a 74B1     		cbz	r4, .L30
  83:Src/Wimod/slip.c ****         {
 253              		.loc 1 83 9 is_stmt 1 view .LVU65
  83:Src/Wimod/slip.c ****         {
 254              		.loc 1 83 17 is_stmt 0 view .LVU66
 255 002c 2878     		ldrb	r0, [r5]	@ zero_extendqisi2
  83:Src/Wimod/slip.c ****         {
 256              		.loc 1 83 9 view .LVU67
 257 002e C028     		cmp	r0, #192
 258 0030 F2D0     		beq	.L22
 259 0032 DB28     		cmp	r0, #219
 260 0034 02D0     		beq	.L23
  96:Src/Wimod/slip.c ****                 break;
 261              		.loc 1 96 17 is_stmt 1 view .LVU68
 262 0036 FFF7FEFF 		bl	SLIP_StoreTxByte
 263              	.LVL14:
  97:Src/Wimod/slip.c ****         }
 264              		.loc 1 97 17 view .LVU69
ARM GAS  /tmp/cczrGw2n.s 			page 9


 265 003a F3E7     		b	.L25
 266              	.L23:
  91:Src/Wimod/slip.c ****                 SLIP_StoreTxByte(SLIP_ESC_ESC);
 267              		.loc 1 91 17 view .LVU70
 268 003c DB20     		movs	r0, #219
 269 003e FFF7FEFF 		bl	SLIP_StoreTxByte
 270              	.LVL15:
  92:Src/Wimod/slip.c ****                 break;
 271              		.loc 1 92 17 view .LVU71
 272 0042 DD20     		movs	r0, #221
 273 0044 FFF7FEFF 		bl	SLIP_StoreTxByte
 274              	.LVL16:
  93:Src/Wimod/slip.c **** 
 275              		.loc 1 93 17 view .LVU72
 276 0048 ECE7     		b	.L25
 277              	.L30:
 105:Src/Wimod/slip.c **** 
 278              		.loc 1 105 5 view .LVU73
 279 004a C020     		movs	r0, #192
 280 004c FFF7FEFF 		bl	SLIP_StoreTxByte
 281              	.LVL17:
 108:Src/Wimod/slip.c ****     {
 282              		.loc 1 108 5 view .LVU74
 108:Src/Wimod/slip.c ****     {
 283              		.loc 1 108 13 is_stmt 0 view .LVU75
 284 0050 044B     		ldr	r3, .L32
 285 0052 5869     		ldr	r0, [r3, #20]
 108:Src/Wimod/slip.c ****     {
 286              		.loc 1 108 29 view .LVU76
 287 0054 9B69     		ldr	r3, [r3, #24]
 108:Src/Wimod/slip.c ****     {
 288              		.loc 1 108 8 view .LVU77
 289 0056 9842     		cmp	r0, r3
 290 0058 00DC     		bgt	.L31
 291              	.L20:
 115:Src/Wimod/slip.c **** 
 292              		.loc 1 115 1 view .LVU78
 293 005a 70BD     		pop	{r4, r5, r6, pc}
 294              	.LVL18:
 295              	.L31:
 114:Src/Wimod/slip.c **** }
 296              		.loc 1 114 12 view .LVU79
 297 005c 4FF0FF30 		mov	r0, #-1
 298 0060 FBE7     		b	.L20
 299              	.L33:
 300 0062 00BF     		.align	2
 301              	.L32:
 302 0064 00000000 		.word	.LANCHOR0
 303              		.cfi_endproc
 304              	.LFE2:
 306              		.section	.text.SLIP_SetRxBuffer,"ax",%progbits
 307              		.align	1
 308              		.global	SLIP_SetRxBuffer
 309              		.syntax unified
 310              		.thumb
 311              		.thumb_func
 312              		.fpu fpv4-sp-d16
ARM GAS  /tmp/cczrGw2n.s 			page 10


 314              	SLIP_SetRxBuffer:
 315              	.LVL19:
 316              	.LFB3:
 123:Src/Wimod/slip.c ****     /* Receiver in IDLE state and client already registered ? */
 317              		.loc 1 123 1 is_stmt 1 view -0
 318              		.cfi_startproc
 319              		@ args = 0, pretend = 0, frame = 0
 320              		@ frame_needed = 0, uses_anonymous_args = 0
 321              		@ link register save eliminated.
 125:Src/Wimod/slip.c ****     {
 322              		.loc 1 125 5 view .LVU81
 125:Src/Wimod/slip.c ****     {
 323              		.loc 1 125 14 is_stmt 0 view .LVU82
 324 0000 064B     		ldr	r3, .L36
 325 0002 1B68     		ldr	r3, [r3]
 125:Src/Wimod/slip.c ****     {
 326              		.loc 1 125 8 view .LVU83
 327 0004 3BB9     		cbnz	r3, .L35
 125:Src/Wimod/slip.c ****     {
 328              		.loc 1 125 53 discriminator 1 view .LVU84
 329 0006 054B     		ldr	r3, .L36
 330 0008 1B69     		ldr	r3, [r3, #16]
 125:Src/Wimod/slip.c ****     {
 331              		.loc 1 125 46 discriminator 1 view .LVU85
 332 000a 23B1     		cbz	r3, .L35
 128:Src/Wimod/slip.c ****         SLIP.RxBufferSize = rxBufferSize;
 333              		.loc 1 128 9 is_stmt 1 view .LVU86
 128:Src/Wimod/slip.c ****         SLIP.RxBufferSize = rxBufferSize;
 334              		.loc 1 128 23 is_stmt 0 view .LVU87
 335 000c 034B     		ldr	r3, .L36
 336 000e D860     		str	r0, [r3, #12]
 129:Src/Wimod/slip.c **** 
 337              		.loc 1 129 9 is_stmt 1 view .LVU88
 129:Src/Wimod/slip.c **** 
 338              		.loc 1 129 27 is_stmt 0 view .LVU89
 339 0010 9960     		str	r1, [r3, #8]
 132:Src/Wimod/slip.c **** 
 340              		.loc 1 132 9 is_stmt 1 view .LVU90
 132:Src/Wimod/slip.c **** 
 341              		.loc 1 132 22 is_stmt 0 view .LVU91
 342 0012 0122     		movs	r2, #1
 343 0014 1A60     		str	r2, [r3]
 134:Src/Wimod/slip.c ****     }
 344              		.loc 1 134 9 is_stmt 1 view .LVU92
 345              	.L35:
 138:Src/Wimod/slip.c **** 
 346              		.loc 1 138 1 is_stmt 0 view .LVU93
 347 0016 0120     		movs	r0, #1
 348              	.LVL20:
 138:Src/Wimod/slip.c **** 
 349              		.loc 1 138 1 view .LVU94
 350 0018 7047     		bx	lr
 351              	.L37:
 352 001a 00BF     		.align	2
 353              	.L36:
 354 001c 00000000 		.word	.LANCHOR0
 355              		.cfi_endproc
ARM GAS  /tmp/cczrGw2n.s 			page 11


 356              	.LFE3:
 358              		.section	.text.SLIP_DecodeData,"ax",%progbits
 359              		.align	1
 360              		.global	SLIP_DecodeData
 361              		.syntax unified
 362              		.thumb
 363              		.thumb_func
 364              		.fpu fpv4-sp-d16
 366              	SLIP_DecodeData:
 367              	.LVL21:
 368              	.LFB5:
 152:Src/Wimod/slip.c **** 
 153:Src/Wimod/slip.c **** /**
 154:Src/Wimod/slip.c ****  * @brief  Process received byte stream
 155:Src/Wimod/slip.c ****  * @param  
 156:Src/Wimod/slip.c ****  * @retval none
 157:Src/Wimod/slip.c ****  */
 158:Src/Wimod/slip.c **** void SLIP_DecodeData(uint8_t *srcData, int32_t srcLength)
 159:Src/Wimod/slip.c **** {
 369              		.loc 1 159 1 is_stmt 1 view -0
 370              		.cfi_startproc
 371              		@ args = 0, pretend = 0, frame = 0
 372              		@ frame_needed = 0, uses_anonymous_args = 0
 373              		.loc 1 159 1 is_stmt 0 view .LVU96
 374 0000 70B5     		push	{r4, r5, r6, lr}
 375              	.LCFI5:
 376              		.cfi_def_cfa_offset 16
 377              		.cfi_offset 4, -16
 378              		.cfi_offset 5, -12
 379              		.cfi_offset 6, -8
 380              		.cfi_offset 14, -4
 381 0002 0446     		mov	r4, r0
 160:Src/Wimod/slip.c ****     /* Iterate over all received bytes */
 161:Src/Wimod/slip.c ****     while (srcLength--)
 382              		.loc 1 161 5 is_stmt 1 view .LVU97
 383              		.loc 1 161 11 is_stmt 0 view .LVU98
 384 0004 17E0     		b	.L39
 385              	.LVL22:
 386              	.L40:
 387              	.LBB2:
 162:Src/Wimod/slip.c ****     {
 163:Src/Wimod/slip.c ****         /* Get rxByte */
 164:Src/Wimod/slip.c ****         uint8_t rxByte = *srcData++;
 165:Src/Wimod/slip.c **** 
 166:Src/Wimod/slip.c ****         /* Decode according to current state */
 167:Src/Wimod/slip.c ****         switch (SLIP.RxState)
 168:Src/Wimod/slip.c ****         {
 169:Src/Wimod/slip.c ****             case SLIPDEC_START_STATE:
 170:Src/Wimod/slip.c ****                 /* Start of SLIP frame ? */
 171:Src/Wimod/slip.c ****                 if (rxByte == SLIP_END)
 172:Src/Wimod/slip.c ****                 {
 173:Src/Wimod/slip.c ****                     /* Init read index */
 174:Src/Wimod/slip.c ****                     SLIP.RxIndex = 0U;
 175:Src/Wimod/slip.c **** 
 176:Src/Wimod/slip.c ****                     /* Next state */
 177:Src/Wimod/slip.c ****                     SLIP.RxState = SLIPDEC_IN_FRAME_STATE;
 178:Src/Wimod/slip.c ****                 }
ARM GAS  /tmp/cczrGw2n.s 			page 12


 179:Src/Wimod/slip.c ****                 break;
 180:Src/Wimod/slip.c ****             case SLIPDEC_IN_FRAME_STATE:
 181:Src/Wimod/slip.c ****                 switch (rxByte)
 388              		.loc 1 181 17 is_stmt 1 view .LVU99
 389 0006 C028     		cmp	r0, #192
 390 0008 04D0     		beq	.L43
 391 000a DB28     		cmp	r0, #219
 392 000c 2FD0     		beq	.L44
 182:Src/Wimod/slip.c ****                 {
 183:Src/Wimod/slip.c ****                     case SLIP_END:
 184:Src/Wimod/slip.c ****                         /* Data received ? */
 185:Src/Wimod/slip.c ****                         if (SLIP.RxIndex > 0U)
 186:Src/Wimod/slip.c ****                         {
 187:Src/Wimod/slip.c ****                             /* Yes, receiver registered ? */
 188:Src/Wimod/slip.c ****                             if (SLIP.CbRxMessage)
 189:Src/Wimod/slip.c ****                             {
 190:Src/Wimod/slip.c ****                                 /* Yes, call message receive */
 191:Src/Wimod/slip.c ****                                 SLIP.RxBuffer = (*SLIP.CbRxMessage)(SLIP.RxBuffer, SLIP.RxIndex);
 192:Src/Wimod/slip.c **** 
 193:Src/Wimod/slip.c ****                                 /* New buffer available ? */
 194:Src/Wimod/slip.c ****                                 if (!SLIP.RxBuffer)
 195:Src/Wimod/slip.c ****                                 {
 196:Src/Wimod/slip.c ****                                     SLIP.RxState = SLIPDEC_IDLE_STATE;
 197:Src/Wimod/slip.c ****                                 }
 198:Src/Wimod/slip.c ****                                 else
 199:Src/Wimod/slip.c ****                                 {
 200:Src/Wimod/slip.c ****                                     SLIP.RxState = SLIPDEC_START_STATE;
 201:Src/Wimod/slip.c ****                                 }
 202:Src/Wimod/slip.c ****                             }
 203:Src/Wimod/slip.c ****                             else
 204:Src/Wimod/slip.c ****                             {
 205:Src/Wimod/slip.c ****                                 /* Disable decoder, temp. no buffer avaliable */
 206:Src/Wimod/slip.c ****                                 SLIP.RxState = SLIPDEC_IDLE_STATE;
 207:Src/Wimod/slip.c ****                             }
 208:Src/Wimod/slip.c ****                         }
 209:Src/Wimod/slip.c **** 
 210:Src/Wimod/slip.c ****                         /* Init read index */
 211:Src/Wimod/slip.c ****                         SLIP.RxIndex = 0U;
 212:Src/Wimod/slip.c ****                         break;
 213:Src/Wimod/slip.c **** 
 214:Src/Wimod/slip.c ****                     case SLIP_ESC:
 215:Src/Wimod/slip.c ****                         /* Enter escape sequence state */
 216:Src/Wimod/slip.c ****                         SLIP.RxState = SLIPDEC_ESC_STATE;
 217:Src/Wimod/slip.c ****                         break;
 218:Src/Wimod/slip.c **** 
 219:Src/Wimod/slip.c ****                     default:
 220:Src/Wimod/slip.c ****                         /* Store byte */
 221:Src/Wimod/slip.c ****                         SLIP_StoreRxByte(rxByte);
 393              		.loc 1 221 25 view .LVU100
 394 000e FFF7FEFF 		bl	SLIP_StoreRxByte
 395              	.LVL23:
 222:Src/Wimod/slip.c ****                         break;
 396              		.loc 1 222 25 view .LVU101
 397 0012 0FE0     		b	.L42
 398              	.LVL24:
 399              	.L43:
 185:Src/Wimod/slip.c ****                         {
ARM GAS  /tmp/cczrGw2n.s 			page 13


 400              		.loc 1 185 25 view .LVU102
 185:Src/Wimod/slip.c ****                         {
 401              		.loc 1 185 33 is_stmt 0 view .LVU103
 402 0014 234B     		ldr	r3, .L58
 403 0016 5968     		ldr	r1, [r3, #4]
 185:Src/Wimod/slip.c ****                         {
 404              		.loc 1 185 28 view .LVU104
 405 0018 49B1     		cbz	r1, .L46
 188:Src/Wimod/slip.c ****                             {
 406              		.loc 1 188 29 is_stmt 1 view .LVU105
 188:Src/Wimod/slip.c ****                             {
 407              		.loc 1 188 37 is_stmt 0 view .LVU106
 408 001a 1B69     		ldr	r3, [r3, #16]
 188:Src/Wimod/slip.c ****                             {
 409              		.loc 1 188 32 view .LVU107
 410 001c 1BB3     		cbz	r3, .L47
 191:Src/Wimod/slip.c **** 
 411              		.loc 1 191 33 is_stmt 1 view .LVU108
 191:Src/Wimod/slip.c **** 
 412              		.loc 1 191 50 is_stmt 0 view .LVU109
 413 001e 214E     		ldr	r6, .L58
 414 0020 F068     		ldr	r0, [r6, #12]
 415              	.LVL25:
 191:Src/Wimod/slip.c **** 
 416              		.loc 1 191 50 view .LVU110
 417 0022 9847     		blx	r3
 418              	.LVL26:
 191:Src/Wimod/slip.c **** 
 419              		.loc 1 191 47 view .LVU111
 420 0024 F060     		str	r0, [r6, #12]
 194:Src/Wimod/slip.c ****                                 {
 421              		.loc 1 194 33 is_stmt 1 view .LVU112
 194:Src/Wimod/slip.c ****                                 {
 422              		.loc 1 194 36 is_stmt 0 view .LVU113
 423 0026 D8B1     		cbz	r0, .L56
 200:Src/Wimod/slip.c ****                                 }
 424              		.loc 1 200 37 is_stmt 1 view .LVU114
 200:Src/Wimod/slip.c ****                                 }
 425              		.loc 1 200 50 is_stmt 0 view .LVU115
 426 0028 1E4B     		ldr	r3, .L58
 427 002a 0122     		movs	r2, #1
 428 002c 1A60     		str	r2, [r3]
 429              	.L46:
 211:Src/Wimod/slip.c ****                         break;
 430              		.loc 1 211 25 is_stmt 1 view .LVU116
 211:Src/Wimod/slip.c ****                         break;
 431              		.loc 1 211 38 is_stmt 0 view .LVU117
 432 002e 1D4B     		ldr	r3, .L58
 433 0030 0022     		movs	r2, #0
 434 0032 5A60     		str	r2, [r3, #4]
 212:Src/Wimod/slip.c **** 
 435              		.loc 1 212 25 is_stmt 1 view .LVU118
 436              	.L42:
 212:Src/Wimod/slip.c **** 
 437              		.loc 1 212 25 is_stmt 0 view .LVU119
 438              	.LBE2:
 159:Src/Wimod/slip.c ****     /* Iterate over all received bytes */
ARM GAS  /tmp/cczrGw2n.s 			page 14


 439              		.loc 1 159 1 view .LVU120
 440 0034 2946     		mov	r1, r5
 441              	.LVL27:
 442              	.L39:
 161:Src/Wimod/slip.c ****     {
 443              		.loc 1 161 11 is_stmt 1 view .LVU121
 161:Src/Wimod/slip.c ****     {
 444              		.loc 1 161 21 is_stmt 0 view .LVU122
 445 0036 4D1E     		subs	r5, r1, #1
 446              	.LVL28:
 161:Src/Wimod/slip.c ****     {
 447              		.loc 1 161 11 view .LVU123
 448 0038 0029     		cmp	r1, #0
 449 003a 32D0     		beq	.L57
 450              	.LBB3:
 164:Src/Wimod/slip.c **** 
 451              		.loc 1 164 9 is_stmt 1 view .LVU124
 452              	.LVL29:
 164:Src/Wimod/slip.c **** 
 453              		.loc 1 164 17 is_stmt 0 view .LVU125
 454 003c 14F8010B 		ldrb	r0, [r4], #1	@ zero_extendqisi2
 455              	.LVL30:
 167:Src/Wimod/slip.c ****         {
 456              		.loc 1 167 9 is_stmt 1 view .LVU126
 167:Src/Wimod/slip.c ****         {
 457              		.loc 1 167 21 is_stmt 0 view .LVU127
 458 0040 184B     		ldr	r3, .L58
 459 0042 1B68     		ldr	r3, [r3]
 167:Src/Wimod/slip.c ****         {
 460              		.loc 1 167 9 view .LVU128
 461 0044 022B     		cmp	r3, #2
 462 0046 DED0     		beq	.L40
 463 0048 032B     		cmp	r3, #3
 464 004a 14D0     		beq	.L41
 465 004c 012B     		cmp	r3, #1
 466 004e F1D1     		bne	.L42
 171:Src/Wimod/slip.c ****                 {
 467              		.loc 1 171 17 is_stmt 1 view .LVU129
 171:Src/Wimod/slip.c ****                 {
 468              		.loc 1 171 20 is_stmt 0 view .LVU130
 469 0050 C028     		cmp	r0, #192
 470 0052 EFD1     		bne	.L42
 174:Src/Wimod/slip.c **** 
 471              		.loc 1 174 21 is_stmt 1 view .LVU131
 174:Src/Wimod/slip.c **** 
 472              		.loc 1 174 34 is_stmt 0 view .LVU132
 473 0054 134B     		ldr	r3, .L58
 474 0056 0022     		movs	r2, #0
 475 0058 5A60     		str	r2, [r3, #4]
 177:Src/Wimod/slip.c ****                 }
 476              		.loc 1 177 21 is_stmt 1 view .LVU133
 177:Src/Wimod/slip.c ****                 }
 477              		.loc 1 177 34 is_stmt 0 view .LVU134
 478 005a 0222     		movs	r2, #2
 479 005c 1A60     		str	r2, [r3]
 480 005e E9E7     		b	.L42
 481              	.LVL31:
ARM GAS  /tmp/cczrGw2n.s 			page 15


 482              	.L56:
 196:Src/Wimod/slip.c ****                                 }
 483              		.loc 1 196 37 is_stmt 1 view .LVU135
 196:Src/Wimod/slip.c ****                                 }
 484              		.loc 1 196 50 is_stmt 0 view .LVU136
 485 0060 0022     		movs	r2, #0
 486 0062 3260     		str	r2, [r6]
 487 0064 E3E7     		b	.L46
 488              	.LVL32:
 489              	.L47:
 206:Src/Wimod/slip.c ****                             }
 490              		.loc 1 206 33 is_stmt 1 view .LVU137
 206:Src/Wimod/slip.c ****                             }
 491              		.loc 1 206 46 is_stmt 0 view .LVU138
 492 0066 0F4B     		ldr	r3, .L58
 493 0068 0022     		movs	r2, #0
 494 006a 1A60     		str	r2, [r3]
 495 006c DFE7     		b	.L46
 496              	.L44:
 216:Src/Wimod/slip.c ****                         break;
 497              		.loc 1 216 25 is_stmt 1 view .LVU139
 216:Src/Wimod/slip.c ****                         break;
 498              		.loc 1 216 38 is_stmt 0 view .LVU140
 499 006e 0D4B     		ldr	r3, .L58
 500 0070 0322     		movs	r2, #3
 501 0072 1A60     		str	r2, [r3]
 217:Src/Wimod/slip.c **** 
 502              		.loc 1 217 25 is_stmt 1 view .LVU141
 503 0074 DEE7     		b	.L42
 504              	.L41:
 223:Src/Wimod/slip.c ****                 }
 224:Src/Wimod/slip.c ****                 break;
 225:Src/Wimod/slip.c ****             case SLIPDEC_ESC_STATE:
 226:Src/Wimod/slip.c ****                 switch (rxByte)
 505              		.loc 1 226 17 view .LVU142
 506 0076 DC28     		cmp	r0, #220
 507 0078 05D0     		beq	.L49
 508 007a DD28     		cmp	r0, #221
 509 007c 0AD0     		beq	.L50
 227:Src/Wimod/slip.c ****                 {
 228:Src/Wimod/slip.c ****                     case SLIP_ESC_END:
 229:Src/Wimod/slip.c ****                         SLIP_StoreRxByte(SLIP_END);
 230:Src/Wimod/slip.c ****                         /* Quit escape sequence state */
 231:Src/Wimod/slip.c ****                         SLIP.RxState = SLIPDEC_IN_FRAME_STATE;
 232:Src/Wimod/slip.c ****                         break;
 233:Src/Wimod/slip.c ****                     case SLIP_ESC_ESC:
 234:Src/Wimod/slip.c ****                         SLIP_StoreRxByte(SLIP_ESC);
 235:Src/Wimod/slip.c ****                         /* Quit escape sequence state */
 236:Src/Wimod/slip.c ****                         SLIP.RxState = SLIPDEC_IN_FRAME_STATE;
 237:Src/Wimod/slip.c ****                         break;
 238:Src/Wimod/slip.c ****                     default:
 239:Src/Wimod/slip.c ****                         /* Abort frame receiption */
 240:Src/Wimod/slip.c ****                         SLIP.RxState = SLIPDEC_START_STATE;
 510              		.loc 1 240 25 view .LVU143
 511              		.loc 1 240 38 is_stmt 0 view .LVU144
 512 007e 094B     		ldr	r3, .L58
 513 0080 0122     		movs	r2, #1
ARM GAS  /tmp/cczrGw2n.s 			page 16


 514 0082 1A60     		str	r2, [r3]
 241:Src/Wimod/slip.c ****                         break;
 515              		.loc 1 241 25 is_stmt 1 view .LVU145
 516 0084 D6E7     		b	.L42
 517              	.L49:
 229:Src/Wimod/slip.c ****                         /* Quit escape sequence state */
 518              		.loc 1 229 25 view .LVU146
 519 0086 C020     		movs	r0, #192
 520              	.LVL33:
 229:Src/Wimod/slip.c ****                         /* Quit escape sequence state */
 521              		.loc 1 229 25 is_stmt 0 view .LVU147
 522 0088 FFF7FEFF 		bl	SLIP_StoreRxByte
 523              	.LVL34:
 231:Src/Wimod/slip.c ****                         break;
 524              		.loc 1 231 25 is_stmt 1 view .LVU148
 231:Src/Wimod/slip.c ****                         break;
 525              		.loc 1 231 38 is_stmt 0 view .LVU149
 526 008c 054B     		ldr	r3, .L58
 527 008e 0222     		movs	r2, #2
 528 0090 1A60     		str	r2, [r3]
 232:Src/Wimod/slip.c ****                     case SLIP_ESC_ESC:
 529              		.loc 1 232 25 is_stmt 1 view .LVU150
 530 0092 CFE7     		b	.L42
 531              	.LVL35:
 532              	.L50:
 234:Src/Wimod/slip.c ****                         /* Quit escape sequence state */
 533              		.loc 1 234 25 view .LVU151
 534 0094 DB20     		movs	r0, #219
 535              	.LVL36:
 234:Src/Wimod/slip.c ****                         /* Quit escape sequence state */
 536              		.loc 1 234 25 is_stmt 0 view .LVU152
 537 0096 FFF7FEFF 		bl	SLIP_StoreRxByte
 538              	.LVL37:
 236:Src/Wimod/slip.c ****                         break;
 539              		.loc 1 236 25 is_stmt 1 view .LVU153
 236:Src/Wimod/slip.c ****                         break;
 540              		.loc 1 236 38 is_stmt 0 view .LVU154
 541 009a 024B     		ldr	r3, .L58
 542 009c 0222     		movs	r2, #2
 543 009e 1A60     		str	r2, [r3]
 237:Src/Wimod/slip.c ****                     default:
 544              		.loc 1 237 25 is_stmt 1 view .LVU155
 545 00a0 C8E7     		b	.L42
 546              	.L57:
 237:Src/Wimod/slip.c ****                     default:
 547              		.loc 1 237 25 is_stmt 0 view .LVU156
 548              	.LBE3:
 242:Src/Wimod/slip.c ****                 }
 243:Src/Wimod/slip.c ****                 break;
 244:Src/Wimod/slip.c ****             default:
 245:Src/Wimod/slip.c ****                 break;
 246:Src/Wimod/slip.c ****         }
 247:Src/Wimod/slip.c ****     }
 248:Src/Wimod/slip.c **** }
 549              		.loc 1 248 1 view .LVU157
 550 00a2 70BD     		pop	{r4, r5, r6, pc}
 551              	.LVL38:
ARM GAS  /tmp/cczrGw2n.s 			page 17


 552              	.L59:
 553              		.loc 1 248 1 view .LVU158
 554              		.align	2
 555              	.L58:
 556 00a4 00000000 		.word	.LANCHOR0
 557              		.cfi_endproc
 558              	.LFE5:
 560              		.section	.bss.SLIP,"aw",%nobits
 561              		.align	2
 562              		.set	.LANCHOR0,. + 0
 565              	SLIP:
 566 0000 00000000 		.space	32
 566      00000000 
 566      00000000 
 566      00000000 
 566      00000000 
 567              		.text
 568              	.Letext0:
 569              		.file 2 "/usr/lib/gcc/arm-none-eabi/9.2.1/include/stdint.h"
 570              		.file 3 "Inc/Wimod_Inc/slip.h"
ARM GAS  /tmp/cczrGw2n.s 			page 18


DEFINED SYMBOLS
                            *ABS*:0000000000000000 slip.c
     /tmp/cczrGw2n.s:18     .text.SLIP_StoreTxByte:0000000000000000 $t
     /tmp/cczrGw2n.s:25     .text.SLIP_StoreTxByte:0000000000000000 SLIP_StoreTxByte
     /tmp/cczrGw2n.s:69     .text.SLIP_StoreTxByte:0000000000000020 $d
     /tmp/cczrGw2n.s:74     .text.SLIP_StoreRxByte:0000000000000000 $t
     /tmp/cczrGw2n.s:80     .text.SLIP_StoreRxByte:0000000000000000 SLIP_StoreRxByte
     /tmp/cczrGw2n.s:123    .text.SLIP_StoreRxByte:0000000000000020 $d
     /tmp/cczrGw2n.s:128    .text.SLIP_Init:0000000000000000 $t
     /tmp/cczrGw2n.s:135    .text.SLIP_Init:0000000000000000 SLIP_Init
     /tmp/cczrGw2n.s:174    .text.SLIP_Init:0000000000000018 $d
     /tmp/cczrGw2n.s:179    .text.SLIP_EncodeData:0000000000000000 $t
     /tmp/cczrGw2n.s:186    .text.SLIP_EncodeData:0000000000000000 SLIP_EncodeData
     /tmp/cczrGw2n.s:302    .text.SLIP_EncodeData:0000000000000064 $d
     /tmp/cczrGw2n.s:307    .text.SLIP_SetRxBuffer:0000000000000000 $t
     /tmp/cczrGw2n.s:314    .text.SLIP_SetRxBuffer:0000000000000000 SLIP_SetRxBuffer
     /tmp/cczrGw2n.s:354    .text.SLIP_SetRxBuffer:000000000000001c $d
     /tmp/cczrGw2n.s:359    .text.SLIP_DecodeData:0000000000000000 $t
     /tmp/cczrGw2n.s:366    .text.SLIP_DecodeData:0000000000000000 SLIP_DecodeData
     /tmp/cczrGw2n.s:556    .text.SLIP_DecodeData:00000000000000a4 $d
     /tmp/cczrGw2n.s:561    .bss.SLIP:0000000000000000 $d
     /tmp/cczrGw2n.s:565    .bss.SLIP:0000000000000000 SLIP

NO UNDEFINED SYMBOLS
