ARM GAS  /tmp/ccTGAcZV.s 			page 1


   1              		.cpu cortex-m4
   2              		.eabi_attribute 27, 1
   3              		.eabi_attribute 28, 1
   4              		.eabi_attribute 20, 1
   5              		.eabi_attribute 21, 1
   6              		.eabi_attribute 23, 3
   7              		.eabi_attribute 24, 1
   8              		.eabi_attribute 25, 1
   9              		.eabi_attribute 26, 1
  10              		.eabi_attribute 30, 1
  11              		.eabi_attribute 34, 1
  12              		.eabi_attribute 18, 4
  13              		.file	"stm32f4xx_hal_msp.c"
  14              		.text
  15              	.Ltext0:
  16              		.cfi_sections	.debug_frame
  17              		.section	.text.HAL_MspInit,"ax",%progbits
  18              		.align	1
  19              		.global	HAL_MspInit
  20              		.arch armv7e-m
  21              		.syntax unified
  22              		.thumb
  23              		.thumb_func
  24              		.fpu fpv4-sp-d16
  26              	HAL_MspInit:
  27              	.LFB133:
  28              		.file 1 "Src/STM32F4xx/stm32f4xx_hal_msp.c"
   1:Src/STM32F4xx/stm32f4xx_hal_msp.c **** /**
   2:Src/STM32F4xx/stm32f4xx_hal_msp.c ****  ******************************************************************************
   3:Src/STM32F4xx/stm32f4xx_hal_msp.c ****  * File Name          : stm32f4xx_hal_msp.c
   4:Src/STM32F4xx/stm32f4xx_hal_msp.c ****  * Description        : This file provides code for the MSP Initialization 
   5:Src/STM32F4xx/stm32f4xx_hal_msp.c ****  *                      and de-Initialization codes.
   6:Src/STM32F4xx/stm32f4xx_hal_msp.c ****  ******************************************************************************
   7:Src/STM32F4xx/stm32f4xx_hal_msp.c ****  * @attention
   8:Src/STM32F4xx/stm32f4xx_hal_msp.c ****  *
   9:Src/STM32F4xx/stm32f4xx_hal_msp.c ****  * <h2><center>&copy; Copyright (c) 2020 STMicroelectronics.
  10:Src/STM32F4xx/stm32f4xx_hal_msp.c ****  * All rights reserved.</center></h2>
  11:Src/STM32F4xx/stm32f4xx_hal_msp.c ****  *
  12:Src/STM32F4xx/stm32f4xx_hal_msp.c ****  * This software component is licensed by ST under BSD 3-Clause license,
  13:Src/STM32F4xx/stm32f4xx_hal_msp.c ****  * the "License"; You may not use this file except in compliance with the
  14:Src/STM32F4xx/stm32f4xx_hal_msp.c ****  * License. You may obtain a copy of the License at:
  15:Src/STM32F4xx/stm32f4xx_hal_msp.c ****  *                        opensource.org/licenses/BSD-3-Clause
  16:Src/STM32F4xx/stm32f4xx_hal_msp.c ****  *
  17:Src/STM32F4xx/stm32f4xx_hal_msp.c ****  ******************************************************************************
  18:Src/STM32F4xx/stm32f4xx_hal_msp.c ****  */
  19:Src/STM32F4xx/stm32f4xx_hal_msp.c **** 
  20:Src/STM32F4xx/stm32f4xx_hal_msp.c **** /* Includes ------------------------------------------------------------------*/
  21:Src/STM32F4xx/stm32f4xx_hal_msp.c **** #include "main.h"
  22:Src/STM32F4xx/stm32f4xx_hal_msp.c **** 
  23:Src/STM32F4xx/stm32f4xx_hal_msp.c **** /**
  24:Src/STM32F4xx/stm32f4xx_hal_msp.c ****  * Initializes the Global MSP.
  25:Src/STM32F4xx/stm32f4xx_hal_msp.c ****  */
  26:Src/STM32F4xx/stm32f4xx_hal_msp.c **** void HAL_MspInit(void)
  27:Src/STM32F4xx/stm32f4xx_hal_msp.c **** {
  29              		.loc 1 27 1 view -0
  30              		.cfi_startproc
  31              		@ args = 0, pretend = 0, frame = 8
ARM GAS  /tmp/ccTGAcZV.s 			page 2


  32              		@ frame_needed = 0, uses_anonymous_args = 0
  33 0000 00B5     		push	{lr}
  34              	.LCFI0:
  35              		.cfi_def_cfa_offset 4
  36              		.cfi_offset 14, -4
  37 0002 83B0     		sub	sp, sp, #12
  38              	.LCFI1:
  39              		.cfi_def_cfa_offset 16
  28:Src/STM32F4xx/stm32f4xx_hal_msp.c ****     __HAL_RCC_SYSCFG_CLK_ENABLE();
  40              		.loc 1 28 5 view .LVU1
  41              	.LBB2:
  42              		.loc 1 28 5 view .LVU2
  43 0004 0021     		movs	r1, #0
  44 0006 0091     		str	r1, [sp]
  45              		.loc 1 28 5 view .LVU3
  46 0008 0C4B     		ldr	r3, .L3
  47 000a 5A6C     		ldr	r2, [r3, #68]
  48 000c 42F48042 		orr	r2, r2, #16384
  49 0010 5A64     		str	r2, [r3, #68]
  50              		.loc 1 28 5 view .LVU4
  51 0012 5A6C     		ldr	r2, [r3, #68]
  52 0014 02F48042 		and	r2, r2, #16384
  53 0018 0092     		str	r2, [sp]
  54              		.loc 1 28 5 view .LVU5
  55 001a 009A     		ldr	r2, [sp]
  56              	.LBE2:
  57              		.loc 1 28 5 view .LVU6
  29:Src/STM32F4xx/stm32f4xx_hal_msp.c ****     __HAL_RCC_PWR_CLK_ENABLE();
  58              		.loc 1 29 5 view .LVU7
  59              	.LBB3:
  60              		.loc 1 29 5 view .LVU8
  61 001c 0191     		str	r1, [sp, #4]
  62              		.loc 1 29 5 view .LVU9
  63 001e 1A6C     		ldr	r2, [r3, #64]
  64 0020 42F08052 		orr	r2, r2, #268435456
  65 0024 1A64     		str	r2, [r3, #64]
  66              		.loc 1 29 5 view .LVU10
  67 0026 1B6C     		ldr	r3, [r3, #64]
  68 0028 03F08053 		and	r3, r3, #268435456
  69 002c 0193     		str	r3, [sp, #4]
  70              		.loc 1 29 5 view .LVU11
  71 002e 019B     		ldr	r3, [sp, #4]
  72              	.LBE3:
  73              		.loc 1 29 5 view .LVU12
  30:Src/STM32F4xx/stm32f4xx_hal_msp.c **** 
  31:Src/STM32F4xx/stm32f4xx_hal_msp.c ****     HAL_NVIC_SetPriorityGrouping(NVIC_PRIORITYGROUP_0);
  74              		.loc 1 31 5 view .LVU13
  75 0030 0720     		movs	r0, #7
  76 0032 FFF7FEFF 		bl	HAL_NVIC_SetPriorityGrouping
  77              	.LVL0:
  32:Src/STM32F4xx/stm32f4xx_hal_msp.c **** }
  78              		.loc 1 32 1 is_stmt 0 view .LVU14
  79 0036 03B0     		add	sp, sp, #12
  80              	.LCFI2:
  81              		.cfi_def_cfa_offset 4
  82              		@ sp needed
  83 0038 5DF804FB 		ldr	pc, [sp], #4
ARM GAS  /tmp/ccTGAcZV.s 			page 3


  84              	.L4:
  85              		.align	2
  86              	.L3:
  87 003c 00380240 		.word	1073887232
  88              		.cfi_endproc
  89              	.LFE133:
  91              		.section	.text.HAL_UART_MspInit,"ax",%progbits
  92              		.align	1
  93              		.global	HAL_UART_MspInit
  94              		.syntax unified
  95              		.thumb
  96              		.thumb_func
  97              		.fpu fpv4-sp-d16
  99              	HAL_UART_MspInit:
 100              	.LVL1:
 101              	.LFB134:
  33:Src/STM32F4xx/stm32f4xx_hal_msp.c **** 
  34:Src/STM32F4xx/stm32f4xx_hal_msp.c **** /**
  35:Src/STM32F4xx/stm32f4xx_hal_msp.c ****  * @brief UART MSP Initialization
  36:Src/STM32F4xx/stm32f4xx_hal_msp.c ****  * This function configures the hardware resources used in this example
  37:Src/STM32F4xx/stm32f4xx_hal_msp.c ****  * @param huart: UART handle pointer
  38:Src/STM32F4xx/stm32f4xx_hal_msp.c ****  * @retval None
  39:Src/STM32F4xx/stm32f4xx_hal_msp.c ****  */
  40:Src/STM32F4xx/stm32f4xx_hal_msp.c **** void HAL_UART_MspInit(UART_HandleTypeDef* huart)
  41:Src/STM32F4xx/stm32f4xx_hal_msp.c **** {
 102              		.loc 1 41 1 is_stmt 1 view -0
 103              		.cfi_startproc
 104              		@ args = 0, pretend = 0, frame = 40
 105              		@ frame_needed = 0, uses_anonymous_args = 0
 106              		.loc 1 41 1 is_stmt 0 view .LVU16
 107 0000 10B5     		push	{r4, lr}
 108              	.LCFI3:
 109              		.cfi_def_cfa_offset 8
 110              		.cfi_offset 4, -8
 111              		.cfi_offset 14, -4
 112 0002 8AB0     		sub	sp, sp, #40
 113              	.LCFI4:
 114              		.cfi_def_cfa_offset 48
  42:Src/STM32F4xx/stm32f4xx_hal_msp.c ****   GPIO_InitTypeDef GPIO_InitStruct = { 0U };
 115              		.loc 1 42 3 is_stmt 1 view .LVU17
 116              		.loc 1 42 20 is_stmt 0 view .LVU18
 117 0004 0023     		movs	r3, #0
 118 0006 0593     		str	r3, [sp, #20]
 119 0008 0693     		str	r3, [sp, #24]
 120 000a 0793     		str	r3, [sp, #28]
 121 000c 0893     		str	r3, [sp, #32]
 122 000e 0993     		str	r3, [sp, #36]
  43:Src/STM32F4xx/stm32f4xx_hal_msp.c ****   if(huart->Instance==USART2)
 123              		.loc 1 43 3 is_stmt 1 view .LVU19
 124              		.loc 1 43 11 is_stmt 0 view .LVU20
 125 0010 0368     		ldr	r3, [r0]
 126              		.loc 1 43 5 view .LVU21
 127 0012 304A     		ldr	r2, .L11
 128 0014 9342     		cmp	r3, r2
 129 0016 04D0     		beq	.L9
  44:Src/STM32F4xx/stm32f4xx_hal_msp.c ****   {
  45:Src/STM32F4xx/stm32f4xx_hal_msp.c ****     /* Peripheral clock enable */
ARM GAS  /tmp/ccTGAcZV.s 			page 4


  46:Src/STM32F4xx/stm32f4xx_hal_msp.c ****     __HAL_RCC_USART2_CLK_ENABLE();
  47:Src/STM32F4xx/stm32f4xx_hal_msp.c ****   
  48:Src/STM32F4xx/stm32f4xx_hal_msp.c ****     __HAL_RCC_GPIOA_CLK_ENABLE();
  49:Src/STM32F4xx/stm32f4xx_hal_msp.c ****     /**USART2 GPIO Configuration    
  50:Src/STM32F4xx/stm32f4xx_hal_msp.c ****     PA2     ------> USART2_TX
  51:Src/STM32F4xx/stm32f4xx_hal_msp.c ****     PA3     ------> USART2_RX 
  52:Src/STM32F4xx/stm32f4xx_hal_msp.c ****     */
  53:Src/STM32F4xx/stm32f4xx_hal_msp.c ****     GPIO_InitStruct.Pin = GPIO_PIN_2|GPIO_PIN_3;
  54:Src/STM32F4xx/stm32f4xx_hal_msp.c ****     GPIO_InitStruct.Mode = GPIO_MODE_AF_PP;
  55:Src/STM32F4xx/stm32f4xx_hal_msp.c ****     GPIO_InitStruct.Pull = GPIO_NOPULL;
  56:Src/STM32F4xx/stm32f4xx_hal_msp.c ****     GPIO_InitStruct.Speed = GPIO_SPEED_FREQ_VERY_HIGH;
  57:Src/STM32F4xx/stm32f4xx_hal_msp.c ****     GPIO_InitStruct.Alternate = GPIO_AF7_USART2;
  58:Src/STM32F4xx/stm32f4xx_hal_msp.c ****     HAL_GPIO_Init(GPIOA, &GPIO_InitStruct);
  59:Src/STM32F4xx/stm32f4xx_hal_msp.c **** 
  60:Src/STM32F4xx/stm32f4xx_hal_msp.c ****     /* USART2 interrupt Init */
  61:Src/STM32F4xx/stm32f4xx_hal_msp.c ****     HAL_NVIC_SetPriority(USART2_IRQn, 0U, 0U);
  62:Src/STM32F4xx/stm32f4xx_hal_msp.c ****     HAL_NVIC_EnableIRQ(USART2_IRQn);
  63:Src/STM32F4xx/stm32f4xx_hal_msp.c ****   }
  64:Src/STM32F4xx/stm32f4xx_hal_msp.c ****   else if(huart->Instance==USART3)
 130              		.loc 1 64 8 is_stmt 1 view .LVU22
 131              		.loc 1 64 10 is_stmt 0 view .LVU23
 132 0018 2F4A     		ldr	r2, .L11+4
 133 001a 9342     		cmp	r3, r2
 134 001c 2DD0     		beq	.L10
 135              	.LVL2:
 136              	.L5:
  65:Src/STM32F4xx/stm32f4xx_hal_msp.c ****   {
  66:Src/STM32F4xx/stm32f4xx_hal_msp.c ****     /* Peripheral clock enable */
  67:Src/STM32F4xx/stm32f4xx_hal_msp.c ****     __HAL_RCC_USART3_CLK_ENABLE();
  68:Src/STM32F4xx/stm32f4xx_hal_msp.c ****   
  69:Src/STM32F4xx/stm32f4xx_hal_msp.c ****     __HAL_RCC_GPIOB_CLK_ENABLE();
  70:Src/STM32F4xx/stm32f4xx_hal_msp.c ****     /**USART3 GPIO Configuration    
  71:Src/STM32F4xx/stm32f4xx_hal_msp.c ****     PB10     ------> USART3_TX
  72:Src/STM32F4xx/stm32f4xx_hal_msp.c ****     PB11     ------> USART3_RX 
  73:Src/STM32F4xx/stm32f4xx_hal_msp.c ****     */
  74:Src/STM32F4xx/stm32f4xx_hal_msp.c ****     GPIO_InitStruct.Pin = LORA_RXD_Pin|LORA_TXD_Pin;
  75:Src/STM32F4xx/stm32f4xx_hal_msp.c ****     GPIO_InitStruct.Mode = GPIO_MODE_AF_PP;
  76:Src/STM32F4xx/stm32f4xx_hal_msp.c ****     GPIO_InitStruct.Pull = GPIO_NOPULL;
  77:Src/STM32F4xx/stm32f4xx_hal_msp.c ****     GPIO_InitStruct.Speed = GPIO_SPEED_FREQ_VERY_HIGH;
  78:Src/STM32F4xx/stm32f4xx_hal_msp.c ****     GPIO_InitStruct.Alternate = GPIO_AF7_USART3;
  79:Src/STM32F4xx/stm32f4xx_hal_msp.c ****     HAL_GPIO_Init(GPIOB, &GPIO_InitStruct);
  80:Src/STM32F4xx/stm32f4xx_hal_msp.c **** 
  81:Src/STM32F4xx/stm32f4xx_hal_msp.c ****     /* USART3 interrupt Init */
  82:Src/STM32F4xx/stm32f4xx_hal_msp.c ****     HAL_NVIC_SetPriority(USART3_IRQn, 0U, 0U);
  83:Src/STM32F4xx/stm32f4xx_hal_msp.c ****     HAL_NVIC_EnableIRQ(USART3_IRQn);
  84:Src/STM32F4xx/stm32f4xx_hal_msp.c ****   }
  85:Src/STM32F4xx/stm32f4xx_hal_msp.c **** 
  86:Src/STM32F4xx/stm32f4xx_hal_msp.c **** }
 137              		.loc 1 86 1 view .LVU24
 138 001e 0AB0     		add	sp, sp, #40
 139              	.LCFI5:
 140              		.cfi_remember_state
 141              		.cfi_def_cfa_offset 8
 142              		@ sp needed
 143 0020 10BD     		pop	{r4, pc}
 144              	.LVL3:
 145              	.L9:
ARM GAS  /tmp/ccTGAcZV.s 			page 5


 146              	.LCFI6:
 147              		.cfi_restore_state
  46:Src/STM32F4xx/stm32f4xx_hal_msp.c ****   
 148              		.loc 1 46 5 is_stmt 1 view .LVU25
 149              	.LBB4:
  46:Src/STM32F4xx/stm32f4xx_hal_msp.c ****   
 150              		.loc 1 46 5 view .LVU26
 151 0022 0024     		movs	r4, #0
 152 0024 0194     		str	r4, [sp, #4]
  46:Src/STM32F4xx/stm32f4xx_hal_msp.c ****   
 153              		.loc 1 46 5 view .LVU27
 154 0026 2D4B     		ldr	r3, .L11+8
 155 0028 1A6C     		ldr	r2, [r3, #64]
 156 002a 42F40032 		orr	r2, r2, #131072
 157 002e 1A64     		str	r2, [r3, #64]
  46:Src/STM32F4xx/stm32f4xx_hal_msp.c ****   
 158              		.loc 1 46 5 view .LVU28
 159 0030 1A6C     		ldr	r2, [r3, #64]
 160 0032 02F40032 		and	r2, r2, #131072
 161 0036 0192     		str	r2, [sp, #4]
  46:Src/STM32F4xx/stm32f4xx_hal_msp.c ****   
 162              		.loc 1 46 5 view .LVU29
 163 0038 019A     		ldr	r2, [sp, #4]
 164              	.LBE4:
  46:Src/STM32F4xx/stm32f4xx_hal_msp.c ****   
 165              		.loc 1 46 5 view .LVU30
  48:Src/STM32F4xx/stm32f4xx_hal_msp.c ****     /**USART2 GPIO Configuration    
 166              		.loc 1 48 5 view .LVU31
 167              	.LBB5:
  48:Src/STM32F4xx/stm32f4xx_hal_msp.c ****     /**USART2 GPIO Configuration    
 168              		.loc 1 48 5 view .LVU32
 169 003a 0294     		str	r4, [sp, #8]
  48:Src/STM32F4xx/stm32f4xx_hal_msp.c ****     /**USART2 GPIO Configuration    
 170              		.loc 1 48 5 view .LVU33
 171 003c 1A6B     		ldr	r2, [r3, #48]
 172 003e 42F00102 		orr	r2, r2, #1
 173 0042 1A63     		str	r2, [r3, #48]
  48:Src/STM32F4xx/stm32f4xx_hal_msp.c ****     /**USART2 GPIO Configuration    
 174              		.loc 1 48 5 view .LVU34
 175 0044 1B6B     		ldr	r3, [r3, #48]
 176 0046 03F00103 		and	r3, r3, #1
 177 004a 0293     		str	r3, [sp, #8]
  48:Src/STM32F4xx/stm32f4xx_hal_msp.c ****     /**USART2 GPIO Configuration    
 178              		.loc 1 48 5 view .LVU35
 179 004c 029B     		ldr	r3, [sp, #8]
 180              	.LBE5:
  48:Src/STM32F4xx/stm32f4xx_hal_msp.c ****     /**USART2 GPIO Configuration    
 181              		.loc 1 48 5 view .LVU36
  53:Src/STM32F4xx/stm32f4xx_hal_msp.c ****     GPIO_InitStruct.Mode = GPIO_MODE_AF_PP;
 182              		.loc 1 53 5 view .LVU37
  53:Src/STM32F4xx/stm32f4xx_hal_msp.c ****     GPIO_InitStruct.Mode = GPIO_MODE_AF_PP;
 183              		.loc 1 53 25 is_stmt 0 view .LVU38
 184 004e 0C23     		movs	r3, #12
 185 0050 0593     		str	r3, [sp, #20]
  54:Src/STM32F4xx/stm32f4xx_hal_msp.c ****     GPIO_InitStruct.Pull = GPIO_NOPULL;
 186              		.loc 1 54 5 is_stmt 1 view .LVU39
  54:Src/STM32F4xx/stm32f4xx_hal_msp.c ****     GPIO_InitStruct.Pull = GPIO_NOPULL;
ARM GAS  /tmp/ccTGAcZV.s 			page 6


 187              		.loc 1 54 26 is_stmt 0 view .LVU40
 188 0052 0223     		movs	r3, #2
 189 0054 0693     		str	r3, [sp, #24]
  55:Src/STM32F4xx/stm32f4xx_hal_msp.c ****     GPIO_InitStruct.Speed = GPIO_SPEED_FREQ_VERY_HIGH;
 190              		.loc 1 55 5 is_stmt 1 view .LVU41
  55:Src/STM32F4xx/stm32f4xx_hal_msp.c ****     GPIO_InitStruct.Speed = GPIO_SPEED_FREQ_VERY_HIGH;
 191              		.loc 1 55 26 is_stmt 0 view .LVU42
 192 0056 0794     		str	r4, [sp, #28]
  56:Src/STM32F4xx/stm32f4xx_hal_msp.c ****     GPIO_InitStruct.Alternate = GPIO_AF7_USART2;
 193              		.loc 1 56 5 is_stmt 1 view .LVU43
  56:Src/STM32F4xx/stm32f4xx_hal_msp.c ****     GPIO_InitStruct.Alternate = GPIO_AF7_USART2;
 194              		.loc 1 56 27 is_stmt 0 view .LVU44
 195 0058 0323     		movs	r3, #3
 196 005a 0893     		str	r3, [sp, #32]
  57:Src/STM32F4xx/stm32f4xx_hal_msp.c ****     HAL_GPIO_Init(GPIOA, &GPIO_InitStruct);
 197              		.loc 1 57 5 is_stmt 1 view .LVU45
  57:Src/STM32F4xx/stm32f4xx_hal_msp.c ****     HAL_GPIO_Init(GPIOA, &GPIO_InitStruct);
 198              		.loc 1 57 31 is_stmt 0 view .LVU46
 199 005c 0723     		movs	r3, #7
 200 005e 0993     		str	r3, [sp, #36]
  58:Src/STM32F4xx/stm32f4xx_hal_msp.c **** 
 201              		.loc 1 58 5 is_stmt 1 view .LVU47
 202 0060 05A9     		add	r1, sp, #20
 203 0062 1F48     		ldr	r0, .L11+12
 204              	.LVL4:
  58:Src/STM32F4xx/stm32f4xx_hal_msp.c **** 
 205              		.loc 1 58 5 is_stmt 0 view .LVU48
 206 0064 FFF7FEFF 		bl	HAL_GPIO_Init
 207              	.LVL5:
  61:Src/STM32F4xx/stm32f4xx_hal_msp.c ****     HAL_NVIC_EnableIRQ(USART2_IRQn);
 208              		.loc 1 61 5 is_stmt 1 view .LVU49
 209 0068 2246     		mov	r2, r4
 210 006a 2146     		mov	r1, r4
 211 006c 2620     		movs	r0, #38
 212 006e FFF7FEFF 		bl	HAL_NVIC_SetPriority
 213              	.LVL6:
  62:Src/STM32F4xx/stm32f4xx_hal_msp.c ****   }
 214              		.loc 1 62 5 view .LVU50
 215 0072 2620     		movs	r0, #38
 216 0074 FFF7FEFF 		bl	HAL_NVIC_EnableIRQ
 217              	.LVL7:
 218 0078 D1E7     		b	.L5
 219              	.LVL8:
 220              	.L10:
  67:Src/STM32F4xx/stm32f4xx_hal_msp.c ****   
 221              		.loc 1 67 5 view .LVU51
 222              	.LBB6:
  67:Src/STM32F4xx/stm32f4xx_hal_msp.c ****   
 223              		.loc 1 67 5 view .LVU52
 224 007a 0024     		movs	r4, #0
 225 007c 0394     		str	r4, [sp, #12]
  67:Src/STM32F4xx/stm32f4xx_hal_msp.c ****   
 226              		.loc 1 67 5 view .LVU53
 227 007e 174B     		ldr	r3, .L11+8
 228 0080 1A6C     		ldr	r2, [r3, #64]
 229 0082 42F48022 		orr	r2, r2, #262144
 230 0086 1A64     		str	r2, [r3, #64]
ARM GAS  /tmp/ccTGAcZV.s 			page 7


  67:Src/STM32F4xx/stm32f4xx_hal_msp.c ****   
 231              		.loc 1 67 5 view .LVU54
 232 0088 1A6C     		ldr	r2, [r3, #64]
 233 008a 02F48022 		and	r2, r2, #262144
 234 008e 0392     		str	r2, [sp, #12]
  67:Src/STM32F4xx/stm32f4xx_hal_msp.c ****   
 235              		.loc 1 67 5 view .LVU55
 236 0090 039A     		ldr	r2, [sp, #12]
 237              	.LBE6:
  67:Src/STM32F4xx/stm32f4xx_hal_msp.c ****   
 238              		.loc 1 67 5 view .LVU56
  69:Src/STM32F4xx/stm32f4xx_hal_msp.c ****     /**USART3 GPIO Configuration    
 239              		.loc 1 69 5 view .LVU57
 240              	.LBB7:
  69:Src/STM32F4xx/stm32f4xx_hal_msp.c ****     /**USART3 GPIO Configuration    
 241              		.loc 1 69 5 view .LVU58
 242 0092 0494     		str	r4, [sp, #16]
  69:Src/STM32F4xx/stm32f4xx_hal_msp.c ****     /**USART3 GPIO Configuration    
 243              		.loc 1 69 5 view .LVU59
 244 0094 1A6B     		ldr	r2, [r3, #48]
 245 0096 42F00202 		orr	r2, r2, #2
 246 009a 1A63     		str	r2, [r3, #48]
  69:Src/STM32F4xx/stm32f4xx_hal_msp.c ****     /**USART3 GPIO Configuration    
 247              		.loc 1 69 5 view .LVU60
 248 009c 1B6B     		ldr	r3, [r3, #48]
 249 009e 03F00203 		and	r3, r3, #2
 250 00a2 0493     		str	r3, [sp, #16]
  69:Src/STM32F4xx/stm32f4xx_hal_msp.c ****     /**USART3 GPIO Configuration    
 251              		.loc 1 69 5 view .LVU61
 252 00a4 049B     		ldr	r3, [sp, #16]
 253              	.LBE7:
  69:Src/STM32F4xx/stm32f4xx_hal_msp.c ****     /**USART3 GPIO Configuration    
 254              		.loc 1 69 5 view .LVU62
  74:Src/STM32F4xx/stm32f4xx_hal_msp.c ****     GPIO_InitStruct.Mode = GPIO_MODE_AF_PP;
 255              		.loc 1 74 5 view .LVU63
  74:Src/STM32F4xx/stm32f4xx_hal_msp.c ****     GPIO_InitStruct.Mode = GPIO_MODE_AF_PP;
 256              		.loc 1 74 25 is_stmt 0 view .LVU64
 257 00a6 4FF44063 		mov	r3, #3072
 258 00aa 0593     		str	r3, [sp, #20]
  75:Src/STM32F4xx/stm32f4xx_hal_msp.c ****     GPIO_InitStruct.Pull = GPIO_NOPULL;
 259              		.loc 1 75 5 is_stmt 1 view .LVU65
  75:Src/STM32F4xx/stm32f4xx_hal_msp.c ****     GPIO_InitStruct.Pull = GPIO_NOPULL;
 260              		.loc 1 75 26 is_stmt 0 view .LVU66
 261 00ac 0223     		movs	r3, #2
 262 00ae 0693     		str	r3, [sp, #24]
  76:Src/STM32F4xx/stm32f4xx_hal_msp.c ****     GPIO_InitStruct.Speed = GPIO_SPEED_FREQ_VERY_HIGH;
 263              		.loc 1 76 5 is_stmt 1 view .LVU67
  76:Src/STM32F4xx/stm32f4xx_hal_msp.c ****     GPIO_InitStruct.Speed = GPIO_SPEED_FREQ_VERY_HIGH;
 264              		.loc 1 76 26 is_stmt 0 view .LVU68
 265 00b0 0794     		str	r4, [sp, #28]
  77:Src/STM32F4xx/stm32f4xx_hal_msp.c ****     GPIO_InitStruct.Alternate = GPIO_AF7_USART3;
 266              		.loc 1 77 5 is_stmt 1 view .LVU69
  77:Src/STM32F4xx/stm32f4xx_hal_msp.c ****     GPIO_InitStruct.Alternate = GPIO_AF7_USART3;
 267              		.loc 1 77 27 is_stmt 0 view .LVU70
 268 00b2 0323     		movs	r3, #3
 269 00b4 0893     		str	r3, [sp, #32]
  78:Src/STM32F4xx/stm32f4xx_hal_msp.c ****     HAL_GPIO_Init(GPIOB, &GPIO_InitStruct);
ARM GAS  /tmp/ccTGAcZV.s 			page 8


 270              		.loc 1 78 5 is_stmt 1 view .LVU71
  78:Src/STM32F4xx/stm32f4xx_hal_msp.c ****     HAL_GPIO_Init(GPIOB, &GPIO_InitStruct);
 271              		.loc 1 78 31 is_stmt 0 view .LVU72
 272 00b6 0723     		movs	r3, #7
 273 00b8 0993     		str	r3, [sp, #36]
  79:Src/STM32F4xx/stm32f4xx_hal_msp.c **** 
 274              		.loc 1 79 5 is_stmt 1 view .LVU73
 275 00ba 05A9     		add	r1, sp, #20
 276 00bc 0948     		ldr	r0, .L11+16
 277              	.LVL9:
  79:Src/STM32F4xx/stm32f4xx_hal_msp.c **** 
 278              		.loc 1 79 5 is_stmt 0 view .LVU74
 279 00be FFF7FEFF 		bl	HAL_GPIO_Init
 280              	.LVL10:
  82:Src/STM32F4xx/stm32f4xx_hal_msp.c ****     HAL_NVIC_EnableIRQ(USART3_IRQn);
 281              		.loc 1 82 5 is_stmt 1 view .LVU75
 282 00c2 2246     		mov	r2, r4
 283 00c4 2146     		mov	r1, r4
 284 00c6 2720     		movs	r0, #39
 285 00c8 FFF7FEFF 		bl	HAL_NVIC_SetPriority
 286              	.LVL11:
  83:Src/STM32F4xx/stm32f4xx_hal_msp.c ****   }
 287              		.loc 1 83 5 view .LVU76
 288 00cc 2720     		movs	r0, #39
 289 00ce FFF7FEFF 		bl	HAL_NVIC_EnableIRQ
 290              	.LVL12:
 291              		.loc 1 86 1 is_stmt 0 view .LVU77
 292 00d2 A4E7     		b	.L5
 293              	.L12:
 294              		.align	2
 295              	.L11:
 296 00d4 00440040 		.word	1073759232
 297 00d8 00480040 		.word	1073760256
 298 00dc 00380240 		.word	1073887232
 299 00e0 00000240 		.word	1073872896
 300 00e4 00040240 		.word	1073873920
 301              		.cfi_endproc
 302              	.LFE134:
 304              		.section	.text.HAL_UART_MspDeInit,"ax",%progbits
 305              		.align	1
 306              		.global	HAL_UART_MspDeInit
 307              		.syntax unified
 308              		.thumb
 309              		.thumb_func
 310              		.fpu fpv4-sp-d16
 312              	HAL_UART_MspDeInit:
 313              	.LVL13:
 314              	.LFB135:
  87:Src/STM32F4xx/stm32f4xx_hal_msp.c **** 
  88:Src/STM32F4xx/stm32f4xx_hal_msp.c **** /**
  89:Src/STM32F4xx/stm32f4xx_hal_msp.c ****  * @brief UART MSP De-Initialization
  90:Src/STM32F4xx/stm32f4xx_hal_msp.c ****  * This function freeze the hardware resources used in this example
  91:Src/STM32F4xx/stm32f4xx_hal_msp.c ****  * @param huart: UART handle pointer
  92:Src/STM32F4xx/stm32f4xx_hal_msp.c ****  * @retval None
  93:Src/STM32F4xx/stm32f4xx_hal_msp.c ****  */
  94:Src/STM32F4xx/stm32f4xx_hal_msp.c **** void HAL_UART_MspDeInit(UART_HandleTypeDef* huart)
  95:Src/STM32F4xx/stm32f4xx_hal_msp.c **** {
ARM GAS  /tmp/ccTGAcZV.s 			page 9


 315              		.loc 1 95 1 is_stmt 1 view -0
 316              		.cfi_startproc
 317              		@ args = 0, pretend = 0, frame = 0
 318              		@ frame_needed = 0, uses_anonymous_args = 0
 319              		.loc 1 95 1 is_stmt 0 view .LVU79
 320 0000 08B5     		push	{r3, lr}
 321              	.LCFI7:
 322              		.cfi_def_cfa_offset 8
 323              		.cfi_offset 3, -8
 324              		.cfi_offset 14, -4
  96:Src/STM32F4xx/stm32f4xx_hal_msp.c ****   if(huart->Instance==USART2)
 325              		.loc 1 96 3 is_stmt 1 view .LVU80
 326              		.loc 1 96 11 is_stmt 0 view .LVU81
 327 0002 0368     		ldr	r3, [r0]
 328              		.loc 1 96 5 view .LVU82
 329 0004 114A     		ldr	r2, .L19
 330 0006 9342     		cmp	r3, r2
 331 0008 03D0     		beq	.L17
  97:Src/STM32F4xx/stm32f4xx_hal_msp.c ****   {
  98:Src/STM32F4xx/stm32f4xx_hal_msp.c ****     /* Peripheral clock disable */
  99:Src/STM32F4xx/stm32f4xx_hal_msp.c ****     __HAL_RCC_USART2_CLK_DISABLE();
 100:Src/STM32F4xx/stm32f4xx_hal_msp.c ****   
 101:Src/STM32F4xx/stm32f4xx_hal_msp.c ****     /**USART2 GPIO Configuration    
 102:Src/STM32F4xx/stm32f4xx_hal_msp.c ****     PA2     ------> USART2_TX
 103:Src/STM32F4xx/stm32f4xx_hal_msp.c ****     PA3     ------> USART2_RX 
 104:Src/STM32F4xx/stm32f4xx_hal_msp.c ****     */
 105:Src/STM32F4xx/stm32f4xx_hal_msp.c ****     HAL_GPIO_DeInit(GPIOA, GPIO_PIN_2|GPIO_PIN_3);
 106:Src/STM32F4xx/stm32f4xx_hal_msp.c **** 
 107:Src/STM32F4xx/stm32f4xx_hal_msp.c ****     /* USART2 interrupt DeInit */
 108:Src/STM32F4xx/stm32f4xx_hal_msp.c ****     HAL_NVIC_DisableIRQ(USART2_IRQn);
 109:Src/STM32F4xx/stm32f4xx_hal_msp.c ****   }
 110:Src/STM32F4xx/stm32f4xx_hal_msp.c ****   else if(huart->Instance==USART3)
 332              		.loc 1 110 8 is_stmt 1 view .LVU83
 333              		.loc 1 110 10 is_stmt 0 view .LVU84
 334 000a 114A     		ldr	r2, .L19+4
 335 000c 9342     		cmp	r3, r2
 336 000e 0ED0     		beq	.L18
 337              	.LVL14:
 338              	.L13:
 111:Src/STM32F4xx/stm32f4xx_hal_msp.c ****   {
 112:Src/STM32F4xx/stm32f4xx_hal_msp.c ****     /* Peripheral clock disable */
 113:Src/STM32F4xx/stm32f4xx_hal_msp.c ****     __HAL_RCC_USART3_CLK_DISABLE();
 114:Src/STM32F4xx/stm32f4xx_hal_msp.c ****   
 115:Src/STM32F4xx/stm32f4xx_hal_msp.c ****     /**USART3 GPIO Configuration    
 116:Src/STM32F4xx/stm32f4xx_hal_msp.c ****     PB10     ------> USART3_TX
 117:Src/STM32F4xx/stm32f4xx_hal_msp.c ****     PB11     ------> USART3_RX 
 118:Src/STM32F4xx/stm32f4xx_hal_msp.c ****     */
 119:Src/STM32F4xx/stm32f4xx_hal_msp.c ****     HAL_GPIO_DeInit(GPIOB, LORA_RXD_Pin|LORA_TXD_Pin);
 120:Src/STM32F4xx/stm32f4xx_hal_msp.c **** 
 121:Src/STM32F4xx/stm32f4xx_hal_msp.c ****     /* USART3 interrupt DeInit */
 122:Src/STM32F4xx/stm32f4xx_hal_msp.c ****     HAL_NVIC_DisableIRQ(USART3_IRQn);
 123:Src/STM32F4xx/stm32f4xx_hal_msp.c ****   }
 124:Src/STM32F4xx/stm32f4xx_hal_msp.c **** }
 339              		.loc 1 124 1 view .LVU85
 340 0010 08BD     		pop	{r3, pc}
 341              	.LVL15:
 342              	.L17:
ARM GAS  /tmp/ccTGAcZV.s 			page 10


  99:Src/STM32F4xx/stm32f4xx_hal_msp.c ****   
 343              		.loc 1 99 5 is_stmt 1 view .LVU86
 344 0012 02F5FA32 		add	r2, r2, #128000
 345 0016 136C     		ldr	r3, [r2, #64]
 346 0018 23F40033 		bic	r3, r3, #131072
 347 001c 1364     		str	r3, [r2, #64]
 105:Src/STM32F4xx/stm32f4xx_hal_msp.c **** 
 348              		.loc 1 105 5 view .LVU87
 349 001e 0C21     		movs	r1, #12
 350 0020 0C48     		ldr	r0, .L19+8
 351              	.LVL16:
 105:Src/STM32F4xx/stm32f4xx_hal_msp.c **** 
 352              		.loc 1 105 5 is_stmt 0 view .LVU88
 353 0022 FFF7FEFF 		bl	HAL_GPIO_DeInit
 354              	.LVL17:
 108:Src/STM32F4xx/stm32f4xx_hal_msp.c ****   }
 355              		.loc 1 108 5 is_stmt 1 view .LVU89
 356 0026 2620     		movs	r0, #38
 357 0028 FFF7FEFF 		bl	HAL_NVIC_DisableIRQ
 358              	.LVL18:
 359 002c F0E7     		b	.L13
 360              	.LVL19:
 361              	.L18:
 113:Src/STM32F4xx/stm32f4xx_hal_msp.c ****   
 362              		.loc 1 113 5 view .LVU90
 363 002e 02F5F832 		add	r2, r2, #126976
 364 0032 136C     		ldr	r3, [r2, #64]
 365 0034 23F48023 		bic	r3, r3, #262144
 366 0038 1364     		str	r3, [r2, #64]
 119:Src/STM32F4xx/stm32f4xx_hal_msp.c **** 
 367              		.loc 1 119 5 view .LVU91
 368 003a 4FF44061 		mov	r1, #3072
 369 003e 0648     		ldr	r0, .L19+12
 370              	.LVL20:
 119:Src/STM32F4xx/stm32f4xx_hal_msp.c **** 
 371              		.loc 1 119 5 is_stmt 0 view .LVU92
 372 0040 FFF7FEFF 		bl	HAL_GPIO_DeInit
 373              	.LVL21:
 122:Src/STM32F4xx/stm32f4xx_hal_msp.c ****   }
 374              		.loc 1 122 5 is_stmt 1 view .LVU93
 375 0044 2720     		movs	r0, #39
 376 0046 FFF7FEFF 		bl	HAL_NVIC_DisableIRQ
 377              	.LVL22:
 378              		.loc 1 124 1 is_stmt 0 view .LVU94
 379 004a E1E7     		b	.L13
 380              	.L20:
 381              		.align	2
 382              	.L19:
 383 004c 00440040 		.word	1073759232
 384 0050 00480040 		.word	1073760256
 385 0054 00000240 		.word	1073872896
 386 0058 00040240 		.word	1073873920
 387              		.cfi_endproc
 388              	.LFE135:
 390              		.comm	huart3,64,4
 391              		.comm	huart2,64,4
 392              		.text
ARM GAS  /tmp/ccTGAcZV.s 			page 11


 393              	.Letext0:
 394              		.file 2 "/usr/include/newlib/machine/_default_types.h"
 395              		.file 3 "/usr/lib/gcc/arm-none-eabi/9.2.1/include/stddef.h"
 396              		.file 4 "/usr/include/newlib/sys/_types.h"
 397              		.file 5 "/usr/include/newlib/sys/reent.h"
 398              		.file 6 "/usr/include/newlib/sys/lock.h"
 399              		.file 7 "/usr/include/newlib/sys/_stdint.h"
 400              		.file 8 "/usr/include/newlib/ctype.h"
 401              		.file 9 "Drivers/CMSIS/Include/core_cm4.h"
 402              		.file 10 "Drivers/CMSIS/Device/ST/STM32F4xx/Include/system_stm32f4xx.h"
 403              		.file 11 "Drivers/CMSIS/Device/ST/STM32F4xx/Include/stm32f407xx.h"
 404              		.file 12 "Drivers/STM32F4xx_HAL_Driver/Inc/stm32f4xx_hal_def.h"
 405              		.file 13 "Drivers/STM32F4xx_HAL_Driver/Inc/stm32f4xx_hal_gpio.h"
 406              		.file 14 "Drivers/STM32F4xx_HAL_Driver/Inc/stm32f4xx_hal_dma.h"
 407              		.file 15 "Drivers/STM32F4xx_HAL_Driver/Inc/stm32f4xx_hal_uart.h"
 408              		.file 16 "Drivers/STM32F4xx_HAL_Driver/Inc/stm32f4xx_hal.h"
 409              		.file 17 "Inc/STM32F4xx_Inc/stm32f4xx_board_conf.h"
 410              		.file 18 "Inc/Wimod_Inc/serial_device.h"
 411              		.file 19 "Drivers/STM32F4xx_HAL_Driver/Inc/stm32f4xx_hal_cortex.h"
ARM GAS  /tmp/ccTGAcZV.s 			page 12


DEFINED SYMBOLS
                            *ABS*:0000000000000000 stm32f4xx_hal_msp.c
     /tmp/ccTGAcZV.s:18     .text.HAL_MspInit:0000000000000000 $t
     /tmp/ccTGAcZV.s:26     .text.HAL_MspInit:0000000000000000 HAL_MspInit
     /tmp/ccTGAcZV.s:87     .text.HAL_MspInit:000000000000003c $d
     /tmp/ccTGAcZV.s:92     .text.HAL_UART_MspInit:0000000000000000 $t
     /tmp/ccTGAcZV.s:99     .text.HAL_UART_MspInit:0000000000000000 HAL_UART_MspInit
     /tmp/ccTGAcZV.s:296    .text.HAL_UART_MspInit:00000000000000d4 $d
     /tmp/ccTGAcZV.s:305    .text.HAL_UART_MspDeInit:0000000000000000 $t
     /tmp/ccTGAcZV.s:312    .text.HAL_UART_MspDeInit:0000000000000000 HAL_UART_MspDeInit
     /tmp/ccTGAcZV.s:383    .text.HAL_UART_MspDeInit:000000000000004c $d
                            *COM*:0000000000000040 huart3
                            *COM*:0000000000000040 huart2

UNDEFINED SYMBOLS
HAL_NVIC_SetPriorityGrouping
HAL_GPIO_Init
HAL_NVIC_SetPriority
HAL_NVIC_EnableIRQ
HAL_GPIO_DeInit
HAL_NVIC_DisableIRQ
